Tue 04 Feb 2025 19:06:23 INFO  ['main.py', '--dataset=ml-100k', '--model=SMLPREC']
Tue 04 Feb 2025 19:06:23 INFO  
General Hyper Parameters:
gpu_id = 0
use_gpu = True
seed = 2020
state = INFO
reproducibility = True
data_path = /home/zhenhuan/miniconda3/envs/gnnrl/lib/python3.10/site-packages/recbole/config/../dataset_example/ml-100k
checkpoint_dir = saved
show_progress = True
save_dataset = False
dataset_save_path = None
save_dataloaders = False
dataloaders_save_path = None
log_wandb = False

Training Hyper Parameters:
epochs = 300
train_batch_size = 2048
learner = adam
learning_rate = 0.001
train_neg_sample_args = {'distribution': 'uniform', 'sample_num': 1, 'alpha': 1.0, 'dynamic': False, 'candidate_num': 0}
eval_step = 1
stopping_step = 10
clip_grad_norm = None
weight_decay = 0.0
loss_decimal_place = 4

Evaluation Hyper Parameters:
eval_args = {'split': {'LS': 'valid_and_test'}, 'order': 'TO', 'group_by': 'user', 'mode': {'valid': 'full', 'test': 'full'}}
repeatable = True
metrics = ['Recall', 'MRR', 'NDCG', 'Hit', 'Precision']
topk = [10]
valid_metric = MRR@10
valid_metric_bigger = True
eval_batch_size = 4096
metric_decimal_place = 4

Dataset Hyper Parameters:
field_separator = 	
seq_separator =  
USER_ID_FIELD = user_id
ITEM_ID_FIELD = item_id
RATING_FIELD = rating
TIME_FIELD = timestamp
seq_len = None
LABEL_FIELD = label
threshold = None
NEG_PREFIX = neg_
load_col = {'inter': ['user_id', 'item_id', 'rating', 'timestamp']}
unload_col = None
unused_col = None
additional_feat_suffix = None
rm_dup_inter = None
val_interval = None
filter_inter_by_user_or_item = True
user_inter_num_interval = None
item_inter_num_interval = None
alias_of_user_id = None
alias_of_item_id = None
alias_of_entity_id = None
alias_of_relation_id = None
preload_weight = None
normalize_field = None
normalize_all = True
ITEM_LIST_LENGTH_FIELD = item_length
LIST_SUFFIX = _list
MAX_ITEM_LIST_LENGTH = 50
POSITION_FIELD = position_id
HEAD_ENTITY_ID_FIELD = head_id
TAIL_ENTITY_ID_FIELD = tail_id
RELATION_ID_FIELD = relation_id
ENTITY_ID_FIELD = entity_id
kg_reverse_r = False
entity_kg_num_interval = None
relation_kg_num_interval = None
benchmark_filename = None

Other Hyper Parameters: 
worker = 0
wandb_project = recbole
shuffle = True
require_pow = False
enable_amp = False
enable_scaler = False
transform = None
numerical_features = []
discretization = None
MODEL_TYPE = ModelType.SEQUENTIAL
n_layers = 2
n_heads = 0
hidden_size = 4
hidden_dropout_prob = 0.5
hidden_act = gelu
layer_norm_eps = 1e-12
pooling_mode = mean
selected_features = ['user_id', 'item_id', 'rating']
device = cuda
initializer_range = 0.02
loss_type = BPR
MODEL_INPUT_TYPE = InputType.PAIRWISE
eval_type = EvaluatorType.RANKING
single_spec = True
local_rank = 0
valid_neg_sample_args = {'distribution': 'uniform', 'sample_num': 'none'}
test_neg_sample_args = {'distribution': 'uniform', 'sample_num': 'none'}


Tue 04 Feb 2025 19:06:23 INFO  ml-100k
The number of users: 944
Average actions of users: 106.04453870625663
The number of items: 1683
Average actions of items: 59.45303210463734
The number of inters: 100000
The sparsity of the dataset: 93.70575143257098%
Remain Fields: ['user_id', 'item_id', 'rating', 'timestamp']
Tue 04 Feb 2025 19:06:25 INFO  [Training]: train_batch_size = [2048] train_neg_sample_args: [{'distribution': 'uniform', 'sample_num': 1, 'alpha': 1.0, 'dynamic': False, 'candidate_num': 0}]
Tue 04 Feb 2025 19:06:25 INFO  [Evaluation]: eval_batch_size = [4096] eval_args: [{'split': {'LS': 'valid_and_test'}, 'order': 'TO', 'group_by': 'user', 'mode': {'valid': 'full', 'test': 'full'}}]
Tue 04 Feb 2025 19:06:25 INFO  SMLPREC(
  (item_embedding): Embedding(1683, 4, padding_idx=0)
  (feature_embed_layer): FeatureSeqEmbLayer(
    (token_embedding_table): ModuleDict(
      (item): FMEmbedding(
        (embedding): Embedding(2627, 4)
      )
    )
    (float_embedding_table): ModuleDict()
    (token_seq_embedding_table): ModuleDict(
      (item): ModuleList()
    )
    (float_seq_embedding_table): ModuleDict(
      (item): ModuleList()
    )
  )
  (layers): ModuleList(
    (0): SMLP(
      (c): Sequential(
        (0): Linear(in_features=4, out_features=12, bias=False)
        (1): GELU(approximate=none)
        (2): Dropout(p=0.5, inplace=False)
        (3): Linear(in_features=12, out_features=4, bias=False)
        (4): Dropout(p=0.5, inplace=False)
      )
      (h): Sequential(
        (0): Linear(in_features=50, out_features=150, bias=False)
        (1): GELU(approximate=none)
        (2): Dropout(p=0.5, inplace=False)
        (3): Linear(in_features=150, out_features=50, bias=False)
        (4): Dropout(p=0.5, inplace=False)
      )
      (w): Sequential(
        (0): Linear(in_features=4, out_features=12, bias=False)
        (1): GELU(approximate=none)
        (2): Dropout(p=0.5, inplace=False)
        (3): Linear(in_features=12, out_features=4, bias=False)
        (4): Dropout(p=0.5, inplace=False)
      )
      (norm2): LayerNorm((4,), eps=1e-05, elementwise_affine=True)
    )
  )
  (LayerNorm): LayerNorm((4,), eps=1e-12, elementwise_affine=True)
  (loss_fct): BPRLoss()
)
Trainable parameters: 32448
