Wed 05 Feb 2025 19:04:42 INFO  ['main.py', '--dataset=ml-1m', '--model=LDiffRec']
Wed 05 Feb 2025 19:04:42 INFO  
General Hyper Parameters:
gpu_id = 0
use_gpu = True
seed = 2020
state = INFO
reproducibility = True
data_path = dataset/ml-1m
checkpoint_dir = saved
show_progress = True
save_dataset = False
dataset_save_path = None
save_dataloaders = False
dataloaders_save_path = None
log_wandb = False

Training Hyper Parameters:
epochs = 300
train_batch_size = 2048
learner = adam
learning_rate = 0.001
train_neg_sample_args = {'distribution': 'uniform', 'sample_num': 1, 'alpha': 1.0, 'dynamic': False, 'candidate_num': 0}
eval_step = 1
stopping_step = 10
clip_grad_norm = None
weight_decay = 0.0
loss_decimal_place = 4

Evaluation Hyper Parameters:
eval_args = {'split': {'RS': [0.8, 0.1, 0.1]}, 'order': 'RO', 'group_by': 'user', 'mode': {'valid': 'full', 'test': 'full'}}
repeatable = False
metrics = ['Recall', 'MRR', 'NDCG', 'Hit', 'Precision']
topk = [10]
valid_metric = MRR@10
valid_metric_bigger = True
eval_batch_size = 4096
metric_decimal_place = 4

Dataset Hyper Parameters:
field_separator = 	
seq_separator =  
USER_ID_FIELD = user_id
ITEM_ID_FIELD = item_id
RATING_FIELD = rating
TIME_FIELD = timestamp
seq_len = None
LABEL_FIELD = label
threshold = None
NEG_PREFIX = neg_
load_col = {'inter': ['user_id', 'item_id']}
unload_col = None
unused_col = None
additional_feat_suffix = None
rm_dup_inter = None
val_interval = None
filter_inter_by_user_or_item = True
user_inter_num_interval = [0,inf)
item_inter_num_interval = [0,inf)
alias_of_user_id = None
alias_of_item_id = None
alias_of_entity_id = None
alias_of_relation_id = None
preload_weight = None
normalize_field = None
normalize_all = None
ITEM_LIST_LENGTH_FIELD = item_length
LIST_SUFFIX = _list
MAX_ITEM_LIST_LENGTH = 50
POSITION_FIELD = position_id
HEAD_ENTITY_ID_FIELD = head_id
TAIL_ENTITY_ID_FIELD = tail_id
RELATION_ID_FIELD = relation_id
ENTITY_ID_FIELD = entity_id
benchmark_filename = None

Other Hyper Parameters: 
worker = 0
wandb_project = recbole
shuffle = True
require_pow = False
enable_amp = False
enable_scaler = False
transform = None
n_cate = 1
reparam = True
in_dims = [300]
out_dims = []
ae_act_func = tanh
lamda = 0.03
anneal_cap = 0.005
anneal_steps = 1000
vae_anneal_cap = 0.3
vae_anneal_steps = 200
noise_schedule = linear
noise_scale = 0.1
noise_min = 0.001
noise_max = 0.005
sampling_noise = False
sampling_steps = 0
reweight = True
mean_type = x0
steps = 5
history_num_per_term = 10
beta_fixed = True
dims_dnn = [300]
embedding_size = 10
mlp_act_func = tanh
time-aware = False
w_max = 1
w_min = 0.1
numerical_features = []
discretization = None
kg_reverse_r = False
entity_kg_num_interval = [0,inf)
relation_kg_num_interval = [0,inf)
MODEL_TYPE = ModelType.GENERAL
n_layers = 2
n_heads = 0
hidden_size = 4
hidden_dropout_prob = 0.5
hidden_act = gelu
layer_norm_eps = 1e-12
pooling_mode = mean
selected_features = ['user_id', 'item_id', 'rating']
device = cuda
initializer_range = 0.02
loss_type = BPR
MODEL_INPUT_TYPE = InputType.LISTWISE
eval_type = EvaluatorType.RANKING
single_spec = True
local_rank = 0
valid_neg_sample_args = {'distribution': 'uniform', 'sample_num': 'none'}
test_neg_sample_args = {'distribution': 'uniform', 'sample_num': 'none'}


Wed 05 Feb 2025 19:04:44 INFO  ml-1m
The number of users: 6041
Average actions of users: 165.5975165562914
The number of items: 3707
Average actions of items: 269.88909875876953
The number of inters: 1000209
The sparsity of the dataset: 95.53358229599758%
Remain Fields: ['user_id', 'item_id']
Wed 05 Feb 2025 19:04:45 INFO  [Training]: train_batch_size = [2048] train_neg_sample_args: [{'distribution': 'uniform', 'sample_num': 1, 'alpha': 1.0, 'dynamic': False, 'candidate_num': 0}]
Wed 05 Feb 2025 19:04:45 INFO  [Evaluation]: eval_batch_size = [4096] eval_args: [{'split': {'RS': [0.8, 0.1, 0.1]}, 'order': 'RO', 'group_by': 'user', 'mode': {'valid': 'full', 'test': 'full'}}]
Wed 05 Feb 2025 19:04:46 WARNING  Max value of user's history interaction records has reached 49.959536012948476% of the total.
Wed 05 Feb 2025 19:04:47 INFO  LDiffRec(
  (mlp): DNN(
    (emb_layer): Linear(in_features=10, out_features=10, bias=True)
    (mlp_layers): MLPLayers(
      (mlp_layers): Sequential(
        (0): Dropout(p=0, inplace=False)
        (1): Linear(in_features=310, out_features=300, bias=True)
        (2): Tanh()
        (3): Dropout(p=0, inplace=False)
        (4): Linear(in_features=300, out_features=300, bias=True)
      )
    )
    (drop): Dropout(p=0.5, inplace=False)
  )
  (autoencoder): AutoEncoder(
    (dropout): Dropout(p=0.1, inplace=False)
    (encoder): MLPLayers(
      (mlp_layers): Sequential(
        (0): Dropout(p=0.0, inplace=False)
        (1): Linear(in_features=3707, out_features=600, bias=True)
        (2): Tanh()
      )
    )
    (decoder): MLPLayers(
      (mlp_layers): Sequential(
        (0): Dropout(p=0.0, inplace=False)
        (1): Linear(in_features=300, out_features=3707, bias=True)
      )
    )
  )
)
Trainable parameters: 3524317
Wed 05 Feb 2025 19:04:47 INFO  FLOPs: 4251800.0
Wed 05 Feb 2025 19:04:48 INFO  epoch 0 training [time: 0.56s, train loss: 5920.6429]
Wed 05 Feb 2025 19:05:07 INFO  epoch 0 evaluating [time: 19.01s, valid_score: 0.046700]
Wed 05 Feb 2025 19:05:07 INFO  valid result: 
recall@10 : 0.0128    mrr@10 : 0.0467    ndcg@10 : 0.0192    hit@10 : 0.1526    precision@10 : 0.0177
Wed 05 Feb 2025 19:05:07 INFO  Saving current: saved/LDiffRec-Feb-05-2025_19-04-47.pth
Wed 05 Feb 2025 19:05:07 INFO  epoch 1 training [time: 0.56s, train loss: 5295.0529]
Wed 05 Feb 2025 19:05:26 INFO  epoch 1 evaluating [time: 18.94s, valid_score: 0.077100]
Wed 05 Feb 2025 19:05:26 INFO  valid result: 
recall@10 : 0.0219    mrr@10 : 0.0771    ndcg@10 : 0.034    hit@10 : 0.2336    precision@10 : 0.0308
Wed 05 Feb 2025 19:05:26 INFO  Saving current: saved/LDiffRec-Feb-05-2025_19-04-47.pth
Wed 05 Feb 2025 19:05:27 INFO  epoch 2 training [time: 0.55s, train loss: 4886.5108]
Wed 05 Feb 2025 19:05:46 INFO  epoch 2 evaluating [time: 19.25s, valid_score: 0.116600]
Wed 05 Feb 2025 19:05:46 INFO  valid result: 
recall@10 : 0.0294    mrr@10 : 0.1166    ndcg@10 : 0.0496    hit@10 : 0.3031    precision@10 : 0.0428
Wed 05 Feb 2025 19:05:46 INFO  Saving current: saved/LDiffRec-Feb-05-2025_19-04-47.pth
Wed 05 Feb 2025 19:05:47 INFO  epoch 3 training [time: 0.55s, train loss: 4577.6761]
Wed 05 Feb 2025 19:06:06 INFO  epoch 3 evaluating [time: 19.12s, valid_score: 0.149100]
Wed 05 Feb 2025 19:06:06 INFO  valid result: 
recall@10 : 0.0348    mrr@10 : 0.1491    ndcg@10 : 0.0634    hit@10 : 0.3381    precision@10 : 0.0524
Wed 05 Feb 2025 19:06:06 INFO  Saving current: saved/LDiffRec-Feb-05-2025_19-04-47.pth
Wed 05 Feb 2025 19:06:06 INFO  epoch 4 training [time: 0.57s, train loss: 4368.8331]
Wed 05 Feb 2025 19:06:25 INFO  epoch 4 evaluating [time: 18.95s, valid_score: 0.171200]
Wed 05 Feb 2025 19:06:25 INFO  valid result: 
recall@10 : 0.0517    mrr@10 : 0.1712    ndcg@10 : 0.084    hit@10 : 0.4225    precision@10 : 0.0741
Wed 05 Feb 2025 19:06:25 INFO  Saving current: saved/LDiffRec-Feb-05-2025_19-04-47.pth
Wed 05 Feb 2025 19:06:26 INFO  epoch 5 training [time: 0.56s, train loss: 4233.1136]
Wed 05 Feb 2025 19:06:45 INFO  epoch 5 evaluating [time: 18.96s, valid_score: 0.197400]
Wed 05 Feb 2025 19:06:45 INFO  valid result: 
recall@10 : 0.0589    mrr@10 : 0.1974    ndcg@10 : 0.0974    hit@10 : 0.4518    precision@10 : 0.0829
Wed 05 Feb 2025 19:06:45 INFO  Saving current: saved/LDiffRec-Feb-05-2025_19-04-47.pth
Wed 05 Feb 2025 19:06:45 INFO  epoch 6 training [time: 0.55s, train loss: 4128.5388]
Wed 05 Feb 2025 19:07:05 INFO  epoch 6 evaluating [time: 19.03s, valid_score: 0.210600]
Wed 05 Feb 2025 19:07:05 INFO  valid result: 
recall@10 : 0.0657    mrr@10 : 0.2106    ndcg@10 : 0.1041    hit@10 : 0.4836    precision@10 : 0.0877
Wed 05 Feb 2025 19:07:05 INFO  Saving current: saved/LDiffRec-Feb-05-2025_19-04-47.pth
Wed 05 Feb 2025 19:07:05 INFO  epoch 7 training [time: 0.55s, train loss: 4051.2734]
Wed 05 Feb 2025 19:07:24 INFO  epoch 7 evaluating [time: 18.93s, valid_score: 0.215500]
Wed 05 Feb 2025 19:07:24 INFO  valid result: 
recall@10 : 0.0663    mrr@10 : 0.2155    ndcg@10 : 0.1044    hit@10 : 0.48    precision@10 : 0.0861
Wed 05 Feb 2025 19:07:24 INFO  Saving current: saved/LDiffRec-Feb-05-2025_19-04-47.pth
Wed 05 Feb 2025 19:07:25 INFO  epoch 8 training [time: 0.56s, train loss: 3989.4653]
Wed 05 Feb 2025 19:07:44 INFO  epoch 8 evaluating [time: 18.91s, valid_score: 0.215300]
Wed 05 Feb 2025 19:07:44 INFO  valid result: 
recall@10 : 0.0639    mrr@10 : 0.2153    ndcg@10 : 0.1022    hit@10 : 0.4745    precision@10 : 0.0841
Wed 05 Feb 2025 19:07:44 INFO  epoch 9 training [time: 0.55s, train loss: 3938.7597]
Wed 05 Feb 2025 19:08:03 INFO  epoch 9 evaluating [time: 18.99s, valid_score: 0.212500]
Wed 05 Feb 2025 19:08:03 INFO  valid result: 
recall@10 : 0.0638    mrr@10 : 0.2125    ndcg@10 : 0.1026    hit@10 : 0.4747    precision@10 : 0.085
Wed 05 Feb 2025 19:08:04 INFO  epoch 10 training [time: 0.55s, train loss: 3901.7591]
Wed 05 Feb 2025 19:08:23 INFO  epoch 10 evaluating [time: 18.96s, valid_score: 0.211700]
Wed 05 Feb 2025 19:08:23 INFO  valid result: 
recall@10 : 0.0648    mrr@10 : 0.2117    ndcg@10 : 0.1037    hit@10 : 0.4745    precision@10 : 0.0861
Wed 05 Feb 2025 19:08:23 INFO  epoch 11 training [time: 0.55s, train loss: 3870.6913]
Wed 05 Feb 2025 19:08:42 INFO  epoch 11 evaluating [time: 18.93s, valid_score: 0.206500]
Wed 05 Feb 2025 19:08:42 INFO  valid result: 
recall@10 : 0.0642    mrr@10 : 0.2065    ndcg@10 : 0.1012    hit@10 : 0.4667    precision@10 : 0.0852
Wed 05 Feb 2025 19:08:43 INFO  epoch 12 training [time: 0.55s, train loss: 3841.6638]
Wed 05 Feb 2025 19:09:02 INFO  epoch 12 evaluating [time: 18.93s, valid_score: 0.213600]
Wed 05 Feb 2025 19:09:02 INFO  valid result: 
recall@10 : 0.0652    mrr@10 : 0.2136    ndcg@10 : 0.1033    hit@10 : 0.4722    precision@10 : 0.0858
Wed 05 Feb 2025 19:09:02 INFO  epoch 13 training [time: 0.66s, train loss: 3817.5758]
Wed 05 Feb 2025 19:09:21 INFO  epoch 13 evaluating [time: 18.90s, valid_score: 0.220600]
Wed 05 Feb 2025 19:09:21 INFO  valid result: 
recall@10 : 0.0667    mrr@10 : 0.2206    ndcg@10 : 0.1068    hit@10 : 0.4815    precision@10 : 0.0881
Wed 05 Feb 2025 19:09:21 INFO  Saving current: saved/LDiffRec-Feb-05-2025_19-04-47.pth
Wed 05 Feb 2025 19:09:22 INFO  epoch 14 training [time: 0.55s, train loss: 3796.0256]
Wed 05 Feb 2025 19:09:41 INFO  epoch 14 evaluating [time: 18.91s, valid_score: 0.218700]
Wed 05 Feb 2025 19:09:41 INFO  valid result: 
recall@10 : 0.0672    mrr@10 : 0.2187    ndcg@10 : 0.1071    hit@10 : 0.4834    precision@10 : 0.0885
Wed 05 Feb 2025 19:09:41 INFO  epoch 15 training [time: 0.55s, train loss: 3774.4029]
Wed 05 Feb 2025 19:10:00 INFO  epoch 15 evaluating [time: 19.03s, valid_score: 0.215900]
Wed 05 Feb 2025 19:10:00 INFO  valid result: 
recall@10 : 0.0668    mrr@10 : 0.2159    ndcg@10 : 0.106    hit@10 : 0.4833    precision@10 : 0.0883
Wed 05 Feb 2025 19:10:01 INFO  epoch 16 training [time: 0.55s, train loss: 3759.1111]
Wed 05 Feb 2025 19:10:20 INFO  epoch 16 evaluating [time: 19.17s, valid_score: 0.217900]
Wed 05 Feb 2025 19:10:20 INFO  valid result: 
recall@10 : 0.0663    mrr@10 : 0.2179    ndcg@10 : 0.1061    hit@10 : 0.4853    precision@10 : 0.0879
Wed 05 Feb 2025 19:10:21 INFO  epoch 17 training [time: 0.55s, train loss: 3737.6724]
Wed 05 Feb 2025 19:10:39 INFO  epoch 17 evaluating [time: 18.92s, valid_score: 0.223200]
Wed 05 Feb 2025 19:10:39 INFO  valid result: 
recall@10 : 0.0684    mrr@10 : 0.2232    ndcg@10 : 0.109    hit@10 : 0.4899    precision@10 : 0.0898
Wed 05 Feb 2025 19:10:39 INFO  Saving current: saved/LDiffRec-Feb-05-2025_19-04-47.pth
Wed 05 Feb 2025 19:10:40 INFO  epoch 18 training [time: 0.55s, train loss: 3717.1207]
Wed 05 Feb 2025 19:10:59 INFO  epoch 18 evaluating [time: 18.99s, valid_score: 0.230300]
Wed 05 Feb 2025 19:10:59 INFO  valid result: 
recall@10 : 0.0705    mrr@10 : 0.2303    ndcg@10 : 0.1108    hit@10 : 0.494    precision@10 : 0.0901
Wed 05 Feb 2025 19:10:59 INFO  Saving current: saved/LDiffRec-Feb-05-2025_19-04-47.pth
Wed 05 Feb 2025 19:11:00 INFO  epoch 19 training [time: 0.56s, train loss: 3699.4246]
Wed 05 Feb 2025 19:11:19 INFO  epoch 19 evaluating [time: 18.95s, valid_score: 0.222600]
Wed 05 Feb 2025 19:11:19 INFO  valid result: 
recall@10 : 0.0715    mrr@10 : 0.2226    ndcg@10 : 0.1069    hit@10 : 0.4937    precision@10 : 0.0869
Wed 05 Feb 2025 19:11:19 INFO  epoch 20 training [time: 0.55s, train loss: 3679.3541]
Wed 05 Feb 2025 19:11:38 INFO  epoch 20 evaluating [time: 18.93s, valid_score: 0.217200]
Wed 05 Feb 2025 19:11:38 INFO  valid result: 
recall@10 : 0.0713    mrr@10 : 0.2172    ndcg@10 : 0.1051    hit@10 : 0.4916    precision@10 : 0.0853
Wed 05 Feb 2025 19:11:39 INFO  epoch 21 training [time: 0.55s, train loss: 3659.1831]
Wed 05 Feb 2025 19:11:58 INFO  epoch 21 evaluating [time: 18.98s, valid_score: 0.224800]
Wed 05 Feb 2025 19:11:58 INFO  valid result: 
recall@10 : 0.0724    mrr@10 : 0.2248    ndcg@10 : 0.1085    hit@10 : 0.4985    precision@10 : 0.0878
Wed 05 Feb 2025 19:11:58 INFO  epoch 22 training [time: 0.55s, train loss: 3639.2547]
Wed 05 Feb 2025 19:12:17 INFO  epoch 22 evaluating [time: 18.93s, valid_score: 0.231700]
Wed 05 Feb 2025 19:12:17 INFO  valid result: 
recall@10 : 0.0759    mrr@10 : 0.2317    ndcg@10 : 0.1128    hit@10 : 0.5093    precision@10 : 0.0915
Wed 05 Feb 2025 19:12:17 INFO  Saving current: saved/LDiffRec-Feb-05-2025_19-04-47.pth
Wed 05 Feb 2025 19:12:18 INFO  epoch 23 training [time: 0.55s, train loss: 3621.8431]
Wed 05 Feb 2025 19:12:37 INFO  epoch 23 evaluating [time: 18.91s, valid_score: 0.240100]
Wed 05 Feb 2025 19:12:37 INFO  valid result: 
recall@10 : 0.0773    mrr@10 : 0.2401    ndcg@10 : 0.1172    hit@10 : 0.5137    precision@10 : 0.0951
Wed 05 Feb 2025 19:12:37 INFO  Saving current: saved/LDiffRec-Feb-05-2025_19-04-47.pth
Wed 05 Feb 2025 19:12:37 INFO  epoch 24 training [time: 0.55s, train loss: 3608.0114]
Wed 05 Feb 2025 19:12:56 INFO  epoch 24 evaluating [time: 18.99s, valid_score: 0.245400]
Wed 05 Feb 2025 19:12:56 INFO  valid result: 
recall@10 : 0.0781    mrr@10 : 0.2454    ndcg@10 : 0.1195    hit@10 : 0.5205    precision@10 : 0.0969
Wed 05 Feb 2025 19:12:56 INFO  Saving current: saved/LDiffRec-Feb-05-2025_19-04-47.pth
Wed 05 Feb 2025 19:12:57 INFO  epoch 25 training [time: 0.56s, train loss: 3589.0531]
Wed 05 Feb 2025 19:13:16 INFO  epoch 25 evaluating [time: 18.94s, valid_score: 0.253500]
Wed 05 Feb 2025 19:13:16 INFO  valid result: 
recall@10 : 0.0796    mrr@10 : 0.2535    ndcg@10 : 0.1235    hit@10 : 0.5291    precision@10 : 0.0998
Wed 05 Feb 2025 19:13:16 INFO  Saving current: saved/LDiffRec-Feb-05-2025_19-04-47.pth
Wed 05 Feb 2025 19:13:16 INFO  epoch 26 training [time: 0.55s, train loss: 3573.0704]
Wed 05 Feb 2025 19:13:35 INFO  epoch 26 evaluating [time: 19.01s, valid_score: 0.252900]
Wed 05 Feb 2025 19:13:35 INFO  valid result: 
recall@10 : 0.0818    mrr@10 : 0.2529    ndcg@10 : 0.1235    hit@10 : 0.5323    precision@10 : 0.0998
Wed 05 Feb 2025 19:13:36 INFO  epoch 27 training [time: 0.55s, train loss: 3557.2439]
Wed 05 Feb 2025 19:13:55 INFO  epoch 27 evaluating [time: 18.91s, valid_score: 0.255700]
Wed 05 Feb 2025 19:13:55 INFO  valid result: 
recall@10 : 0.0845    mrr@10 : 0.2557    ndcg@10 : 0.1258    hit@10 : 0.5462    precision@10 : 0.1022
Wed 05 Feb 2025 19:13:55 INFO  Saving current: saved/LDiffRec-Feb-05-2025_19-04-47.pth
Wed 05 Feb 2025 19:13:55 INFO  epoch 28 training [time: 0.55s, train loss: 3543.9040]
Wed 05 Feb 2025 19:14:14 INFO  epoch 28 evaluating [time: 18.90s, valid_score: 0.266400]
Wed 05 Feb 2025 19:14:14 INFO  valid result: 
recall@10 : 0.0879    mrr@10 : 0.2664    ndcg@10 : 0.1309    hit@10 : 0.5591    precision@10 : 0.1058
Wed 05 Feb 2025 19:14:14 INFO  Saving current: saved/LDiffRec-Feb-05-2025_19-04-47.pth
Wed 05 Feb 2025 19:14:15 INFO  epoch 29 training [time: 0.55s, train loss: 3529.3472]
Wed 05 Feb 2025 19:14:34 INFO  epoch 29 evaluating [time: 18.85s, valid_score: 0.271000]
Wed 05 Feb 2025 19:14:34 INFO  valid result: 
recall@10 : 0.092    mrr@10 : 0.271    ndcg@10 : 0.1342    hit@10 : 0.5738    precision@10 : 0.108
Wed 05 Feb 2025 19:14:34 INFO  Saving current: saved/LDiffRec-Feb-05-2025_19-04-47.pth
Wed 05 Feb 2025 19:14:34 INFO  epoch 30 training [time: 0.55s, train loss: 3514.0239]
Wed 05 Feb 2025 19:14:53 INFO  epoch 30 evaluating [time: 18.98s, valid_score: 0.274200]
Wed 05 Feb 2025 19:14:53 INFO  valid result: 
recall@10 : 0.0947    mrr@10 : 0.2742    ndcg@10 : 0.1378    hit@10 : 0.5795    precision@10 : 0.111
Wed 05 Feb 2025 19:14:53 INFO  Saving current: saved/LDiffRec-Feb-05-2025_19-04-47.pth
Wed 05 Feb 2025 19:14:54 INFO  epoch 31 training [time: 0.55s, train loss: 3504.2521]
Wed 05 Feb 2025 19:15:13 INFO  epoch 31 evaluating [time: 18.98s, valid_score: 0.280300]
Wed 05 Feb 2025 19:15:13 INFO  valid result: 
recall@10 : 0.0961    mrr@10 : 0.2803    ndcg@10 : 0.1397    hit@10 : 0.5859    precision@10 : 0.112
Wed 05 Feb 2025 19:15:13 INFO  Saving current: saved/LDiffRec-Feb-05-2025_19-04-47.pth
Wed 05 Feb 2025 19:15:13 INFO  epoch 32 training [time: 0.55s, train loss: 3493.2098]
Wed 05 Feb 2025 19:15:33 INFO  epoch 32 evaluating [time: 19.08s, valid_score: 0.283400]
Wed 05 Feb 2025 19:15:33 INFO  valid result: 
recall@10 : 0.0964    mrr@10 : 0.2834    ndcg@10 : 0.141    hit@10 : 0.5849    precision@10 : 0.1128
Wed 05 Feb 2025 19:15:33 INFO  Saving current: saved/LDiffRec-Feb-05-2025_19-04-47.pth
Wed 05 Feb 2025 19:15:33 INFO  epoch 33 training [time: 0.67s, train loss: 3482.4292]
Wed 05 Feb 2025 19:15:52 INFO  epoch 33 evaluating [time: 19.08s, valid_score: 0.288400]
Wed 05 Feb 2025 19:15:52 INFO  valid result: 
recall@10 : 0.0971    mrr@10 : 0.2884    ndcg@10 : 0.1436    hit@10 : 0.5909    precision@10 : 0.1151
Wed 05 Feb 2025 19:15:52 INFO  Saving current: saved/LDiffRec-Feb-05-2025_19-04-47.pth
Wed 05 Feb 2025 19:15:53 INFO  epoch 34 training [time: 0.55s, train loss: 3466.6904]
Wed 05 Feb 2025 19:16:12 INFO  epoch 34 evaluating [time: 18.98s, valid_score: 0.287900]
Wed 05 Feb 2025 19:16:12 INFO  valid result: 
recall@10 : 0.0975    mrr@10 : 0.2879    ndcg@10 : 0.1442    hit@10 : 0.5942    precision@10 : 0.1159
Wed 05 Feb 2025 19:16:12 INFO  epoch 35 training [time: 0.55s, train loss: 3460.8865]
Wed 05 Feb 2025 19:16:31 INFO  epoch 35 evaluating [time: 18.95s, valid_score: 0.296900]
Wed 05 Feb 2025 19:16:31 INFO  valid result: 
recall@10 : 0.0988    mrr@10 : 0.2969    ndcg@10 : 0.1479    hit@10 : 0.6026    precision@10 : 0.1186
Wed 05 Feb 2025 19:16:31 INFO  Saving current: saved/LDiffRec-Feb-05-2025_19-04-47.pth
Wed 05 Feb 2025 19:16:32 INFO  epoch 36 training [time: 0.55s, train loss: 3449.1558]
Wed 05 Feb 2025 19:16:51 INFO  epoch 36 evaluating [time: 18.94s, valid_score: 0.299300]
Wed 05 Feb 2025 19:16:51 INFO  valid result: 
recall@10 : 0.1013    mrr@10 : 0.2993    ndcg@10 : 0.1498    hit@10 : 0.6073    precision@10 : 0.1198
Wed 05 Feb 2025 19:16:51 INFO  Saving current: saved/LDiffRec-Feb-05-2025_19-04-47.pth
Wed 05 Feb 2025 19:16:52 INFO  epoch 37 training [time: 0.55s, train loss: 3440.6730]
Wed 05 Feb 2025 19:17:10 INFO  epoch 37 evaluating [time: 18.88s, valid_score: 0.300900]
Wed 05 Feb 2025 19:17:10 INFO  valid result: 
recall@10 : 0.1033    mrr@10 : 0.3009    ndcg@10 : 0.1512    hit@10 : 0.6152    precision@10 : 0.1207
Wed 05 Feb 2025 19:17:10 INFO  Saving current: saved/LDiffRec-Feb-05-2025_19-04-47.pth
Wed 05 Feb 2025 19:17:11 INFO  epoch 38 training [time: 0.56s, train loss: 3435.9476]
Wed 05 Feb 2025 19:17:30 INFO  epoch 38 evaluating [time: 18.89s, valid_score: 0.297700]
Wed 05 Feb 2025 19:17:30 INFO  valid result: 
recall@10 : 0.1042    mrr@10 : 0.2977    ndcg@10 : 0.1498    hit@10 : 0.6137    precision@10 : 0.1196
Wed 05 Feb 2025 19:17:30 INFO  epoch 39 training [time: 0.55s, train loss: 3428.4097]
Wed 05 Feb 2025 19:17:49 INFO  epoch 39 evaluating [time: 18.97s, valid_score: 0.304600]
Wed 05 Feb 2025 19:17:49 INFO  valid result: 
recall@10 : 0.1059    mrr@10 : 0.3046    ndcg@10 : 0.1531    hit@10 : 0.6192    precision@10 : 0.122
Wed 05 Feb 2025 19:17:49 INFO  Saving current: saved/LDiffRec-Feb-05-2025_19-04-47.pth
Wed 05 Feb 2025 19:17:50 INFO  epoch 40 training [time: 0.55s, train loss: 3418.4612]
Wed 05 Feb 2025 19:18:09 INFO  epoch 40 evaluating [time: 18.99s, valid_score: 0.310300]
Wed 05 Feb 2025 19:18:09 INFO  valid result: 
recall@10 : 0.1067    mrr@10 : 0.3103    ndcg@10 : 0.1555    hit@10 : 0.6214    precision@10 : 0.1234
Wed 05 Feb 2025 19:18:09 INFO  Saving current: saved/LDiffRec-Feb-05-2025_19-04-47.pth
Wed 05 Feb 2025 19:18:10 INFO  epoch 41 training [time: 0.55s, train loss: 3413.0359]
Wed 05 Feb 2025 19:18:29 INFO  epoch 41 evaluating [time: 18.89s, valid_score: 0.311600]
Wed 05 Feb 2025 19:18:29 INFO  valid result: 
recall@10 : 0.1078    mrr@10 : 0.3116    ndcg@10 : 0.1569    hit@10 : 0.6252    precision@10 : 0.1247
Wed 05 Feb 2025 19:18:29 INFO  Saving current: saved/LDiffRec-Feb-05-2025_19-04-47.pth
Wed 05 Feb 2025 19:18:29 INFO  epoch 42 training [time: 0.55s, train loss: 3409.2163]
Wed 05 Feb 2025 19:18:48 INFO  epoch 42 evaluating [time: 18.95s, valid_score: 0.308600]
Wed 05 Feb 2025 19:18:48 INFO  valid result: 
recall@10 : 0.1078    mrr@10 : 0.3086    ndcg@10 : 0.1565    hit@10 : 0.6243    precision@10 : 0.125
Wed 05 Feb 2025 19:18:49 INFO  epoch 43 training [time: 0.55s, train loss: 3398.4154]
Wed 05 Feb 2025 19:19:08 INFO  epoch 43 evaluating [time: 18.97s, valid_score: 0.312700]
Wed 05 Feb 2025 19:19:08 INFO  valid result: 
recall@10 : 0.1075    mrr@10 : 0.3127    ndcg@10 : 0.1578    hit@10 : 0.624    precision@10 : 0.1258
Wed 05 Feb 2025 19:19:08 INFO  Saving current: saved/LDiffRec-Feb-05-2025_19-04-47.pth
Wed 05 Feb 2025 19:19:08 INFO  epoch 44 training [time: 0.55s, train loss: 3397.8296]
Wed 05 Feb 2025 19:19:27 INFO  epoch 44 evaluating [time: 18.89s, valid_score: 0.308200]
Wed 05 Feb 2025 19:19:27 INFO  valid result: 
recall@10 : 0.1071    mrr@10 : 0.3082    ndcg@10 : 0.1561    hit@10 : 0.625    precision@10 : 0.1247
Wed 05 Feb 2025 19:19:28 INFO  epoch 45 training [time: 0.55s, train loss: 3389.0179]
Wed 05 Feb 2025 19:19:47 INFO  epoch 45 evaluating [time: 19.41s, valid_score: 0.312400]
Wed 05 Feb 2025 19:19:47 INFO  valid result: 
recall@10 : 0.108    mrr@10 : 0.3124    ndcg@10 : 0.1575    hit@10 : 0.627    precision@10 : 0.125
Wed 05 Feb 2025 19:19:48 INFO  epoch 46 training [time: 0.55s, train loss: 3384.4008]
Wed 05 Feb 2025 19:20:07 INFO  epoch 46 evaluating [time: 19.20s, valid_score: 0.313100]
Wed 05 Feb 2025 19:20:07 INFO  valid result: 
recall@10 : 0.1084    mrr@10 : 0.3131    ndcg@10 : 0.1584    hit@10 : 0.6233    precision@10 : 0.1258
Wed 05 Feb 2025 19:20:07 INFO  Saving current: saved/LDiffRec-Feb-05-2025_19-04-47.pth
Wed 05 Feb 2025 19:20:07 INFO  epoch 47 training [time: 0.56s, train loss: 3382.1823]
Wed 05 Feb 2025 19:20:27 INFO  epoch 47 evaluating [time: 19.30s, valid_score: 0.314900]
Wed 05 Feb 2025 19:20:27 INFO  valid result: 
recall@10 : 0.1097    mrr@10 : 0.3149    ndcg@10 : 0.1598    hit@10 : 0.6311    precision@10 : 0.1272
Wed 05 Feb 2025 19:20:27 INFO  Saving current: saved/LDiffRec-Feb-05-2025_19-04-47.pth
Wed 05 Feb 2025 19:20:27 INFO  epoch 48 training [time: 0.55s, train loss: 3374.3887]
Wed 05 Feb 2025 19:20:46 INFO  epoch 48 evaluating [time: 19.08s, valid_score: 0.318900]
Wed 05 Feb 2025 19:20:46 INFO  valid result: 
recall@10 : 0.1103    mrr@10 : 0.3189    ndcg@10 : 0.1623    hit@10 : 0.6344    precision@10 : 0.1294
Wed 05 Feb 2025 19:20:46 INFO  Saving current: saved/LDiffRec-Feb-05-2025_19-04-47.pth
Wed 05 Feb 2025 19:20:47 INFO  epoch 49 training [time: 0.56s, train loss: 3369.2613]
Wed 05 Feb 2025 19:21:06 INFO  epoch 49 evaluating [time: 18.95s, valid_score: 0.317700]
Wed 05 Feb 2025 19:21:06 INFO  valid result: 
recall@10 : 0.1101    mrr@10 : 0.3177    ndcg@10 : 0.1619    hit@10 : 0.6326    precision@10 : 0.129
Wed 05 Feb 2025 19:21:06 INFO  epoch 50 training [time: 0.55s, train loss: 3362.0779]
Wed 05 Feb 2025 19:21:25 INFO  epoch 50 evaluating [time: 18.90s, valid_score: 0.319700]
Wed 05 Feb 2025 19:21:25 INFO  valid result: 
recall@10 : 0.1104    mrr@10 : 0.3197    ndcg@10 : 0.1621    hit@10 : 0.6334    precision@10 : 0.1286
Wed 05 Feb 2025 19:21:25 INFO  Saving current: saved/LDiffRec-Feb-05-2025_19-04-47.pth
Wed 05 Feb 2025 19:21:26 INFO  epoch 51 training [time: 0.67s, train loss: 3357.9008]
Wed 05 Feb 2025 19:21:45 INFO  epoch 51 evaluating [time: 18.94s, valid_score: 0.318300]
Wed 05 Feb 2025 19:21:45 INFO  valid result: 
recall@10 : 0.1101    mrr@10 : 0.3183    ndcg@10 : 0.1622    hit@10 : 0.6329    precision@10 : 0.1296
Wed 05 Feb 2025 19:21:46 INFO  epoch 52 training [time: 0.55s, train loss: 3350.5837]
Wed 05 Feb 2025 19:22:04 INFO  epoch 52 evaluating [time: 18.91s, valid_score: 0.319800]
Wed 05 Feb 2025 19:22:04 INFO  valid result: 
recall@10 : 0.1116    mrr@10 : 0.3198    ndcg@10 : 0.1638    hit@10 : 0.6346    precision@10 : 0.1305
Wed 05 Feb 2025 19:22:04 INFO  Saving current: saved/LDiffRec-Feb-05-2025_19-04-47.pth
Wed 05 Feb 2025 19:22:05 INFO  epoch 53 training [time: 0.56s, train loss: 3347.8343]
Wed 05 Feb 2025 19:22:24 INFO  epoch 53 evaluating [time: 18.93s, valid_score: 0.322200]
Wed 05 Feb 2025 19:22:24 INFO  valid result: 
recall@10 : 0.1125    mrr@10 : 0.3222    ndcg@10 : 0.1649    hit@10 : 0.6381    precision@10 : 0.1315
Wed 05 Feb 2025 19:22:24 INFO  Saving current: saved/LDiffRec-Feb-05-2025_19-04-47.pth
Wed 05 Feb 2025 19:22:25 INFO  epoch 54 training [time: 0.55s, train loss: 3349.2793]
Wed 05 Feb 2025 19:22:44 INFO  epoch 54 evaluating [time: 19.01s, valid_score: 0.329200]
Wed 05 Feb 2025 19:22:44 INFO  valid result: 
recall@10 : 0.1134    mrr@10 : 0.3292    ndcg@10 : 0.1681    hit@10 : 0.6454    precision@10 : 0.1339
Wed 05 Feb 2025 19:22:44 INFO  Saving current: saved/LDiffRec-Feb-05-2025_19-04-47.pth
Wed 05 Feb 2025 19:22:44 INFO  epoch 55 training [time: 0.55s, train loss: 3338.5106]
Wed 05 Feb 2025 19:23:03 INFO  epoch 55 evaluating [time: 19.30s, valid_score: 0.326300]
Wed 05 Feb 2025 19:23:03 INFO  valid result: 
recall@10 : 0.115    mrr@10 : 0.3263    ndcg@10 : 0.1669    hit@10 : 0.6475    precision@10 : 0.1327
Wed 05 Feb 2025 19:23:04 INFO  epoch 56 training [time: 0.56s, train loss: 3333.2781]
Wed 05 Feb 2025 19:23:23 INFO  epoch 56 evaluating [time: 19.24s, valid_score: 0.326100]
Wed 05 Feb 2025 19:23:23 INFO  valid result: 
recall@10 : 0.1164    mrr@10 : 0.3261    ndcg@10 : 0.1686    hit@10 : 0.6523    precision@10 : 0.135
Wed 05 Feb 2025 19:23:24 INFO  epoch 57 training [time: 0.56s, train loss: 3327.2765]
Wed 05 Feb 2025 19:23:43 INFO  epoch 57 evaluating [time: 19.20s, valid_score: 0.331600]
Wed 05 Feb 2025 19:23:43 INFO  valid result: 
recall@10 : 0.1172    mrr@10 : 0.3316    ndcg@10 : 0.1706    hit@10 : 0.6556    precision@10 : 0.1365
Wed 05 Feb 2025 19:23:43 INFO  Saving current: saved/LDiffRec-Feb-05-2025_19-04-47.pth
Wed 05 Feb 2025 19:23:44 INFO  epoch 58 training [time: 0.56s, train loss: 3325.5025]
Wed 05 Feb 2025 19:24:03 INFO  epoch 58 evaluating [time: 19.14s, valid_score: 0.327800]
Wed 05 Feb 2025 19:24:03 INFO  valid result: 
recall@10 : 0.1159    mrr@10 : 0.3278    ndcg@10 : 0.1683    hit@10 : 0.649    precision@10 : 0.1338
Wed 05 Feb 2025 19:24:03 INFO  epoch 59 training [time: 0.56s, train loss: 3323.3897]
Wed 05 Feb 2025 19:24:22 INFO  epoch 59 evaluating [time: 19.12s, valid_score: 0.332500]
Wed 05 Feb 2025 19:24:22 INFO  valid result: 
recall@10 : 0.1184    mrr@10 : 0.3325    ndcg@10 : 0.171    hit@10 : 0.6593    precision@10 : 0.1362
Wed 05 Feb 2025 19:24:22 INFO  Saving current: saved/LDiffRec-Feb-05-2025_19-04-47.pth
Wed 05 Feb 2025 19:24:23 INFO  epoch 60 training [time: 0.59s, train loss: 3319.0220]
Wed 05 Feb 2025 19:24:42 INFO  epoch 60 evaluating [time: 19.17s, valid_score: 0.334200]
Wed 05 Feb 2025 19:24:42 INFO  valid result: 
recall@10 : 0.1185    mrr@10 : 0.3342    ndcg@10 : 0.1722    hit@10 : 0.6573    precision@10 : 0.1374
Wed 05 Feb 2025 19:24:42 INFO  Saving current: saved/LDiffRec-Feb-05-2025_19-04-47.pth
Wed 05 Feb 2025 19:24:43 INFO  epoch 61 training [time: 0.59s, train loss: 3315.2637]
Wed 05 Feb 2025 19:25:02 INFO  epoch 61 evaluating [time: 19.19s, valid_score: 0.334900]
Wed 05 Feb 2025 19:25:02 INFO  valid result: 
recall@10 : 0.1183    mrr@10 : 0.3349    ndcg@10 : 0.1729    hit@10 : 0.6566    precision@10 : 0.1382
Wed 05 Feb 2025 19:25:02 INFO  Saving current: saved/LDiffRec-Feb-05-2025_19-04-47.pth
Wed 05 Feb 2025 19:25:03 INFO  epoch 62 training [time: 0.56s, train loss: 3314.2135]
Wed 05 Feb 2025 19:25:22 INFO  epoch 62 evaluating [time: 19.23s, valid_score: 0.332700]
Wed 05 Feb 2025 19:25:22 INFO  valid result: 
recall@10 : 0.1188    mrr@10 : 0.3327    ndcg@10 : 0.1717    hit@10 : 0.657    precision@10 : 0.1367
Wed 05 Feb 2025 19:25:22 INFO  epoch 63 training [time: 0.56s, train loss: 3305.6446]
Wed 05 Feb 2025 19:25:42 INFO  epoch 63 evaluating [time: 19.16s, valid_score: 0.333000]
Wed 05 Feb 2025 19:25:42 INFO  valid result: 
recall@10 : 0.1192    mrr@10 : 0.333    ndcg@10 : 0.173    hit@10 : 0.6575    precision@10 : 0.1384
Wed 05 Feb 2025 19:25:42 INFO  epoch 64 training [time: 0.56s, train loss: 3301.8997]
Wed 05 Feb 2025 19:26:02 INFO  epoch 64 evaluating [time: 19.31s, valid_score: 0.334300]
Wed 05 Feb 2025 19:26:02 INFO  valid result: 
recall@10 : 0.1198    mrr@10 : 0.3343    ndcg@10 : 0.1744    hit@10 : 0.6619    precision@10 : 0.1401
Wed 05 Feb 2025 19:26:02 INFO  epoch 65 training [time: 0.56s, train loss: 3296.0928]
Wed 05 Feb 2025 19:26:21 INFO  epoch 65 evaluating [time: 19.24s, valid_score: 0.333700]
Wed 05 Feb 2025 19:26:21 INFO  valid result: 
recall@10 : 0.1207    mrr@10 : 0.3337    ndcg@10 : 0.1738    hit@10 : 0.6623    precision@10 : 0.1391
Wed 05 Feb 2025 19:26:22 INFO  epoch 66 training [time: 0.56s, train loss: 3298.3938]
Wed 05 Feb 2025 19:26:41 INFO  epoch 66 evaluating [time: 19.29s, valid_score: 0.333900]
Wed 05 Feb 2025 19:26:41 INFO  valid result: 
recall@10 : 0.1204    mrr@10 : 0.3339    ndcg@10 : 0.1742    hit@10 : 0.6609    precision@10 : 0.1395
Wed 05 Feb 2025 19:26:42 INFO  epoch 67 training [time: 0.56s, train loss: 3290.9903]
Wed 05 Feb 2025 19:27:01 INFO  epoch 67 evaluating [time: 19.24s, valid_score: 0.331900]
Wed 05 Feb 2025 19:27:01 INFO  valid result: 
recall@10 : 0.1212    mrr@10 : 0.3319    ndcg@10 : 0.1733    hit@10 : 0.6621    precision@10 : 0.1385
Wed 05 Feb 2025 19:27:02 INFO  epoch 68 training [time: 0.67s, train loss: 3288.5484]
Wed 05 Feb 2025 19:27:21 INFO  epoch 68 evaluating [time: 19.19s, valid_score: 0.333800]
Wed 05 Feb 2025 19:27:21 INFO  valid result: 
recall@10 : 0.1216    mrr@10 : 0.3338    ndcg@10 : 0.1747    hit@10 : 0.6627    precision@10 : 0.1399
Wed 05 Feb 2025 19:27:21 INFO  epoch 69 training [time: 0.56s, train loss: 3289.5177]
Wed 05 Feb 2025 19:27:40 INFO  epoch 69 evaluating [time: 19.13s, valid_score: 0.333200]
Wed 05 Feb 2025 19:27:41 INFO  valid result: 
recall@10 : 0.1211    mrr@10 : 0.3332    ndcg@10 : 0.1743    hit@10 : 0.6624    precision@10 : 0.1394
Wed 05 Feb 2025 19:27:41 INFO  epoch 70 training [time: 0.56s, train loss: 3283.7474]
Wed 05 Feb 2025 19:28:00 INFO  epoch 70 evaluating [time: 19.11s, valid_score: 0.333400]
Wed 05 Feb 2025 19:28:00 INFO  valid result: 
recall@10 : 0.1209    mrr@10 : 0.3334    ndcg@10 : 0.1741    hit@10 : 0.6618    precision@10 : 0.1391
Wed 05 Feb 2025 19:28:01 INFO  epoch 71 training [time: 0.56s, train loss: 3281.1300]
Wed 05 Feb 2025 19:28:20 INFO  epoch 71 evaluating [time: 19.13s, valid_score: 0.331800]
Wed 05 Feb 2025 19:28:20 INFO  valid result: 
recall@10 : 0.1199    mrr@10 : 0.3318    ndcg@10 : 0.1744    hit@10 : 0.6594    precision@10 : 0.14
Wed 05 Feb 2025 19:28:20 INFO  epoch 72 training [time: 0.56s, train loss: 3277.4745]
Wed 05 Feb 2025 19:28:40 INFO  epoch 72 evaluating [time: 19.14s, valid_score: 0.335600]
Wed 05 Feb 2025 19:28:40 INFO  valid result: 
recall@10 : 0.1223    mrr@10 : 0.3356    ndcg@10 : 0.1765    hit@10 : 0.6646    precision@10 : 0.1413
Wed 05 Feb 2025 19:28:40 INFO  Saving current: saved/LDiffRec-Feb-05-2025_19-04-47.pth
Wed 05 Feb 2025 19:28:40 INFO  epoch 73 training [time: 0.56s, train loss: 3271.7415]
Wed 05 Feb 2025 19:28:59 INFO  epoch 73 evaluating [time: 19.17s, valid_score: 0.334700]
Wed 05 Feb 2025 19:28:59 INFO  valid result: 
recall@10 : 0.1237    mrr@10 : 0.3347    ndcg@10 : 0.1774    hit@10 : 0.6679    precision@10 : 0.1423
Wed 05 Feb 2025 19:29:00 INFO  epoch 74 training [time: 0.56s, train loss: 3270.4707]
Wed 05 Feb 2025 19:29:19 INFO  epoch 74 evaluating [time: 19.15s, valid_score: 0.337100]
Wed 05 Feb 2025 19:29:19 INFO  valid result: 
recall@10 : 0.123    mrr@10 : 0.3371    ndcg@10 : 0.1775    hit@10 : 0.6669    precision@10 : 0.1419
Wed 05 Feb 2025 19:29:19 INFO  Saving current: saved/LDiffRec-Feb-05-2025_19-04-47.pth
Wed 05 Feb 2025 19:29:20 INFO  epoch 75 training [time: 0.56s, train loss: 3269.1468]
Wed 05 Feb 2025 19:29:39 INFO  epoch 75 evaluating [time: 19.13s, valid_score: 0.335400]
Wed 05 Feb 2025 19:29:39 INFO  valid result: 
recall@10 : 0.1245    mrr@10 : 0.3354    ndcg@10 : 0.1775    hit@10 : 0.6675    precision@10 : 0.1421
Wed 05 Feb 2025 19:29:39 INFO  epoch 76 training [time: 0.56s, train loss: 3261.8499]
Wed 05 Feb 2025 19:29:58 INFO  epoch 76 evaluating [time: 19.12s, valid_score: 0.339900]
Wed 05 Feb 2025 19:29:58 INFO  valid result: 
recall@10 : 0.1239    mrr@10 : 0.3399    ndcg@10 : 0.1787    hit@10 : 0.6684    precision@10 : 0.143
Wed 05 Feb 2025 19:29:59 INFO  Saving current: saved/LDiffRec-Feb-05-2025_19-04-47.pth
Wed 05 Feb 2025 19:29:59 INFO  epoch 77 training [time: 0.56s, train loss: 3263.0602]
Wed 05 Feb 2025 19:30:18 INFO  epoch 77 evaluating [time: 19.14s, valid_score: 0.337500]
Wed 05 Feb 2025 19:30:18 INFO  valid result: 
recall@10 : 0.1247    mrr@10 : 0.3375    ndcg@10 : 0.1782    hit@10 : 0.6719    precision@10 : 0.1429
Wed 05 Feb 2025 19:30:19 INFO  epoch 78 training [time: 0.56s, train loss: 3258.0904]
Wed 05 Feb 2025 19:30:38 INFO  epoch 78 evaluating [time: 19.14s, valid_score: 0.337700]
Wed 05 Feb 2025 19:30:38 INFO  valid result: 
recall@10 : 0.1246    mrr@10 : 0.3377    ndcg@10 : 0.1787    hit@10 : 0.6695    precision@10 : 0.1435
Wed 05 Feb 2025 19:30:38 INFO  epoch 79 training [time: 0.56s, train loss: 3255.3611]
Wed 05 Feb 2025 19:30:58 INFO  epoch 79 evaluating [time: 19.11s, valid_score: 0.339100]
Wed 05 Feb 2025 19:30:58 INFO  valid result: 
recall@10 : 0.1255    mrr@10 : 0.3391    ndcg@10 : 0.1797    hit@10 : 0.6758    precision@10 : 0.1441
Wed 05 Feb 2025 19:30:58 INFO  epoch 80 training [time: 0.56s, train loss: 3253.9663]
Wed 05 Feb 2025 19:31:17 INFO  epoch 80 evaluating [time: 19.13s, valid_score: 0.339800]
Wed 05 Feb 2025 19:31:17 INFO  valid result: 
recall@10 : 0.1261    mrr@10 : 0.3398    ndcg@10 : 0.1808    hit@10 : 0.6757    precision@10 : 0.1454
Wed 05 Feb 2025 19:31:18 INFO  epoch 81 training [time: 0.56s, train loss: 3251.2260]
Wed 05 Feb 2025 19:31:37 INFO  epoch 81 evaluating [time: 19.20s, valid_score: 0.340900]
Wed 05 Feb 2025 19:31:37 INFO  valid result: 
recall@10 : 0.1266    mrr@10 : 0.3409    ndcg@10 : 0.1811    hit@10 : 0.6786    precision@10 : 0.1453
Wed 05 Feb 2025 19:31:37 INFO  Saving current: saved/LDiffRec-Feb-05-2025_19-04-47.pth
Wed 05 Feb 2025 19:31:38 INFO  epoch 82 training [time: 0.56s, train loss: 3247.9163]
Wed 05 Feb 2025 19:31:57 INFO  epoch 82 evaluating [time: 19.19s, valid_score: 0.339200]
Wed 05 Feb 2025 19:31:57 INFO  valid result: 
recall@10 : 0.1259    mrr@10 : 0.3392    ndcg@10 : 0.1809    hit@10 : 0.675    precision@10 : 0.146
Wed 05 Feb 2025 19:31:57 INFO  epoch 83 training [time: 0.56s, train loss: 3244.0867]
Wed 05 Feb 2025 19:32:17 INFO  epoch 83 evaluating [time: 19.14s, valid_score: 0.336600]
Wed 05 Feb 2025 19:32:17 INFO  valid result: 
recall@10 : 0.1257    mrr@10 : 0.3366    ndcg@10 : 0.1788    hit@10 : 0.6732    precision@10 : 0.1435
Wed 05 Feb 2025 19:32:17 INFO  epoch 84 training [time: 0.56s, train loss: 3241.7084]
Wed 05 Feb 2025 19:32:36 INFO  epoch 84 evaluating [time: 19.17s, valid_score: 0.338200]
Wed 05 Feb 2025 19:32:36 INFO  valid result: 
recall@10 : 0.1258    mrr@10 : 0.3382    ndcg@10 : 0.18    hit@10 : 0.6737    precision@10 : 0.1448
Wed 05 Feb 2025 19:32:37 INFO  epoch 85 training [time: 0.56s, train loss: 3237.8365]
Wed 05 Feb 2025 19:32:56 INFO  epoch 85 evaluating [time: 19.15s, valid_score: 0.335300]
Wed 05 Feb 2025 19:32:56 INFO  valid result: 
recall@10 : 0.1261    mrr@10 : 0.3353    ndcg@10 : 0.1789    hit@10 : 0.6755    precision@10 : 0.1437
Wed 05 Feb 2025 19:32:57 INFO  epoch 86 training [time: 0.56s, train loss: 3237.9238]
Wed 05 Feb 2025 19:33:16 INFO  epoch 86 evaluating [time: 19.17s, valid_score: 0.336700]
Wed 05 Feb 2025 19:33:16 INFO  valid result: 
recall@10 : 0.1269    mrr@10 : 0.3367    ndcg@10 : 0.1799    hit@10 : 0.6801    precision@10 : 0.1442
Wed 05 Feb 2025 19:33:16 INFO  epoch 87 training [time: 0.67s, train loss: 3233.3785]
Wed 05 Feb 2025 19:33:36 INFO  epoch 87 evaluating [time: 19.22s, valid_score: 0.342500]
Wed 05 Feb 2025 19:33:36 INFO  valid result: 
recall@10 : 0.127    mrr@10 : 0.3425    ndcg@10 : 0.1816    hit@10 : 0.68    precision@10 : 0.1458
Wed 05 Feb 2025 19:33:36 INFO  Saving current: saved/LDiffRec-Feb-05-2025_19-04-47.pth
Wed 05 Feb 2025 19:33:36 INFO  epoch 88 training [time: 0.56s, train loss: 3230.5542]
Wed 05 Feb 2025 19:33:55 INFO  epoch 88 evaluating [time: 19.14s, valid_score: 0.339500]
Wed 05 Feb 2025 19:33:55 INFO  valid result: 
recall@10 : 0.1272    mrr@10 : 0.3395    ndcg@10 : 0.181    hit@10 : 0.6823    precision@10 : 0.1457
Wed 05 Feb 2025 19:33:56 INFO  epoch 89 training [time: 0.56s, train loss: 3228.0402]
Wed 05 Feb 2025 19:34:15 INFO  epoch 89 evaluating [time: 19.14s, valid_score: 0.342000]
Wed 05 Feb 2025 19:34:15 INFO  valid result: 
recall@10 : 0.1277    mrr@10 : 0.342    ndcg@10 : 0.1822    hit@10 : 0.6816    precision@10 : 0.1469
Wed 05 Feb 2025 19:34:16 INFO  epoch 90 training [time: 0.56s, train loss: 3228.5924]
Wed 05 Feb 2025 19:34:35 INFO  epoch 90 evaluating [time: 19.12s, valid_score: 0.344700]
Wed 05 Feb 2025 19:34:35 INFO  valid result: 
recall@10 : 0.1281    mrr@10 : 0.3447    ndcg@10 : 0.1837    hit@10 : 0.6818    precision@10 : 0.1478
Wed 05 Feb 2025 19:34:35 INFO  Saving current: saved/LDiffRec-Feb-05-2025_19-04-47.pth
Wed 05 Feb 2025 19:34:35 INFO  epoch 91 training [time: 0.56s, train loss: 3226.4386]
Wed 05 Feb 2025 19:34:54 INFO  epoch 91 evaluating [time: 19.13s, valid_score: 0.341200]
Wed 05 Feb 2025 19:34:54 INFO  valid result: 
recall@10 : 0.1283    mrr@10 : 0.3412    ndcg@10 : 0.1821    hit@10 : 0.6825    precision@10 : 0.1464
Wed 05 Feb 2025 19:34:55 INFO  epoch 92 training [time: 0.56s, train loss: 3219.3108]
Wed 05 Feb 2025 19:35:14 INFO  epoch 92 evaluating [time: 19.32s, valid_score: 0.343000]
Wed 05 Feb 2025 19:35:14 INFO  valid result: 
recall@10 : 0.1282    mrr@10 : 0.343    ndcg@10 : 0.1832    hit@10 : 0.6869    precision@10 : 0.1473
Wed 05 Feb 2025 19:35:15 INFO  epoch 93 training [time: 0.56s, train loss: 3220.2601]
Wed 05 Feb 2025 19:35:34 INFO  epoch 93 evaluating [time: 19.11s, valid_score: 0.342100]
Wed 05 Feb 2025 19:35:34 INFO  valid result: 
recall@10 : 0.129    mrr@10 : 0.3421    ndcg@10 : 0.1828    hit@10 : 0.6856    precision@10 : 0.147
Wed 05 Feb 2025 19:35:35 INFO  epoch 94 training [time: 0.56s, train loss: 3217.8098]
Wed 05 Feb 2025 19:35:54 INFO  epoch 94 evaluating [time: 19.17s, valid_score: 0.348500]
Wed 05 Feb 2025 19:35:54 INFO  valid result: 
recall@10 : 0.1283    mrr@10 : 0.3485    ndcg@10 : 0.1846    hit@10 : 0.6869    precision@10 : 0.1477
Wed 05 Feb 2025 19:35:54 INFO  Saving current: saved/LDiffRec-Feb-05-2025_19-04-47.pth
Wed 05 Feb 2025 19:35:54 INFO  epoch 95 training [time: 0.56s, train loss: 3216.8711]
Wed 05 Feb 2025 19:36:13 INFO  epoch 95 evaluating [time: 19.13s, valid_score: 0.344800]
Wed 05 Feb 2025 19:36:13 INFO  valid result: 
recall@10 : 0.1284    mrr@10 : 0.3448    ndcg@10 : 0.1825    hit@10 : 0.6831    precision@10 : 0.1461
Wed 05 Feb 2025 19:36:14 INFO  epoch 96 training [time: 0.56s, train loss: 3213.0235]
Wed 05 Feb 2025 19:36:33 INFO  epoch 96 evaluating [time: 19.13s, valid_score: 0.344500]
Wed 05 Feb 2025 19:36:33 INFO  valid result: 
recall@10 : 0.1288    mrr@10 : 0.3445    ndcg@10 : 0.1839    hit@10 : 0.6863    precision@10 : 0.1477
Wed 05 Feb 2025 19:36:34 INFO  epoch 97 training [time: 0.56s, train loss: 3206.5160]
Wed 05 Feb 2025 19:36:53 INFO  epoch 97 evaluating [time: 19.14s, valid_score: 0.349600]
Wed 05 Feb 2025 19:36:53 INFO  valid result: 
recall@10 : 0.1294    mrr@10 : 0.3496    ndcg@10 : 0.1857    hit@10 : 0.6907    precision@10 : 0.1487
Wed 05 Feb 2025 19:36:53 INFO  Saving current: saved/LDiffRec-Feb-05-2025_19-04-47.pth
Wed 05 Feb 2025 19:36:53 INFO  epoch 98 training [time: 0.56s, train loss: 3211.2209]
Wed 05 Feb 2025 19:37:13 INFO  epoch 98 evaluating [time: 19.12s, valid_score: 0.344900]
Wed 05 Feb 2025 19:37:13 INFO  valid result: 
recall@10 : 0.1291    mrr@10 : 0.3449    ndcg@10 : 0.1837    hit@10 : 0.6869    precision@10 : 0.1468
Wed 05 Feb 2025 19:37:13 INFO  epoch 99 training [time: 0.56s, train loss: 3209.5312]
Wed 05 Feb 2025 19:37:32 INFO  epoch 99 evaluating [time: 19.12s, valid_score: 0.342400]
Wed 05 Feb 2025 19:37:32 INFO  valid result: 
recall@10 : 0.1294    mrr@10 : 0.3424    ndcg@10 : 0.1828    hit@10 : 0.6887    precision@10 : 0.1463
Wed 05 Feb 2025 19:37:33 INFO  epoch 100 training [time: 0.56s, train loss: 3205.6879]
Wed 05 Feb 2025 19:37:52 INFO  epoch 100 evaluating [time: 19.09s, valid_score: 0.347500]
Wed 05 Feb 2025 19:37:52 INFO  valid result: 
recall@10 : 0.1312    mrr@10 : 0.3475    ndcg@10 : 0.1863    hit@10 : 0.6892    precision@10 : 0.1495
Wed 05 Feb 2025 19:37:52 INFO  epoch 101 training [time: 0.56s, train loss: 3205.0120]
Wed 05 Feb 2025 19:38:12 INFO  epoch 101 evaluating [time: 19.13s, valid_score: 0.347400]
Wed 05 Feb 2025 19:38:12 INFO  valid result: 
recall@10 : 0.1311    mrr@10 : 0.3474    ndcg@10 : 0.1854    hit@10 : 0.6904    precision@10 : 0.1486
Wed 05 Feb 2025 19:38:12 INFO  epoch 102 training [time: 0.56s, train loss: 3198.7308]
Wed 05 Feb 2025 19:38:31 INFO  epoch 102 evaluating [time: 19.28s, valid_score: 0.352400]
Wed 05 Feb 2025 19:38:31 INFO  valid result: 
recall@10 : 0.1303    mrr@10 : 0.3524    ndcg@10 : 0.1877    hit@10 : 0.6906    precision@10 : 0.1507
Wed 05 Feb 2025 19:38:31 INFO  Saving current: saved/LDiffRec-Feb-05-2025_19-04-47.pth
Wed 05 Feb 2025 19:38:32 INFO  epoch 103 training [time: 0.56s, train loss: 3197.6031]
Wed 05 Feb 2025 19:38:51 INFO  epoch 103 evaluating [time: 19.34s, valid_score: 0.348400]
Wed 05 Feb 2025 19:38:51 INFO  valid result: 
recall@10 : 0.1306    mrr@10 : 0.3484    ndcg@10 : 0.1854    hit@10 : 0.6927    precision@10 : 0.1484
Wed 05 Feb 2025 19:38:52 INFO  epoch 104 training [time: 0.56s, train loss: 3195.9574]
Wed 05 Feb 2025 19:39:11 INFO  epoch 104 evaluating [time: 19.25s, valid_score: 0.351100]
Wed 05 Feb 2025 19:39:11 INFO  valid result: 
recall@10 : 0.131    mrr@10 : 0.3511    ndcg@10 : 0.1875    hit@10 : 0.6939    precision@10 : 0.1504
Wed 05 Feb 2025 19:39:12 INFO  epoch 105 training [time: 0.56s, train loss: 3194.2806]
Wed 05 Feb 2025 19:39:31 INFO  epoch 105 evaluating [time: 19.47s, valid_score: 0.347900]
Wed 05 Feb 2025 19:39:31 INFO  valid result: 
recall@10 : 0.1308    mrr@10 : 0.3479    ndcg@10 : 0.1862    hit@10 : 0.6942    precision@10 : 0.1493
Wed 05 Feb 2025 19:39:32 INFO  epoch 106 training [time: 0.56s, train loss: 3191.1966]
Wed 05 Feb 2025 19:39:51 INFO  epoch 106 evaluating [time: 19.57s, valid_score: 0.347700]
Wed 05 Feb 2025 19:39:51 INFO  valid result: 
recall@10 : 0.1315    mrr@10 : 0.3477    ndcg@10 : 0.1865    hit@10 : 0.6959    precision@10 : 0.1496
Wed 05 Feb 2025 19:39:52 INFO  epoch 107 training [time: 0.56s, train loss: 3190.8135]
Wed 05 Feb 2025 19:40:11 INFO  epoch 107 evaluating [time: 19.31s, valid_score: 0.349600]
Wed 05 Feb 2025 19:40:11 INFO  valid result: 
recall@10 : 0.1308    mrr@10 : 0.3496    ndcg@10 : 0.1861    hit@10 : 0.6919    precision@10 : 0.1488
Wed 05 Feb 2025 19:40:12 INFO  epoch 108 training [time: 0.56s, train loss: 3188.0100]
Wed 05 Feb 2025 19:40:31 INFO  epoch 108 evaluating [time: 19.68s, valid_score: 0.348900]
Wed 05 Feb 2025 19:40:31 INFO  valid result: 
recall@10 : 0.132    mrr@10 : 0.3489    ndcg@10 : 0.1869    hit@10 : 0.6942    precision@10 : 0.1497
Wed 05 Feb 2025 19:40:32 INFO  epoch 109 training [time: 0.56s, train loss: 3182.9520]
Wed 05 Feb 2025 19:40:51 INFO  epoch 109 evaluating [time: 19.15s, valid_score: 0.348500]
Wed 05 Feb 2025 19:40:51 INFO  valid result: 
recall@10 : 0.1324    mrr@10 : 0.3485    ndcg@10 : 0.1871    hit@10 : 0.6927    precision@10 : 0.1501
Wed 05 Feb 2025 19:40:52 INFO  epoch 110 training [time: 0.56s, train loss: 3179.3236]
Wed 05 Feb 2025 19:41:11 INFO  epoch 110 evaluating [time: 19.13s, valid_score: 0.351400]
Wed 05 Feb 2025 19:41:11 INFO  valid result: 
recall@10 : 0.1335    mrr@10 : 0.3514    ndcg@10 : 0.189    hit@10 : 0.6993    precision@10 : 0.1521
Wed 05 Feb 2025 19:41:11 INFO  epoch 111 training [time: 0.56s, train loss: 3179.8851]
Wed 05 Feb 2025 19:41:31 INFO  epoch 111 evaluating [time: 19.13s, valid_score: 0.352800]
Wed 05 Feb 2025 19:41:31 INFO  valid result: 
recall@10 : 0.1339    mrr@10 : 0.3528    ndcg@10 : 0.1891    hit@10 : 0.6987    precision@10 : 0.1511
Wed 05 Feb 2025 19:41:31 INFO  Saving current: saved/LDiffRec-Feb-05-2025_19-04-47.pth
Wed 05 Feb 2025 19:41:31 INFO  epoch 112 training [time: 0.56s, train loss: 3180.7790]
Wed 05 Feb 2025 19:41:50 INFO  epoch 112 evaluating [time: 19.11s, valid_score: 0.351600]
Wed 05 Feb 2025 19:41:50 INFO  valid result: 
recall@10 : 0.1323    mrr@10 : 0.3516    ndcg@10 : 0.1882    hit@10 : 0.6945    precision@10 : 0.1504
Wed 05 Feb 2025 19:41:51 INFO  epoch 113 training [time: 0.56s, train loss: 3174.4499]
Wed 05 Feb 2025 19:42:10 INFO  epoch 113 evaluating [time: 19.14s, valid_score: 0.350000]
Wed 05 Feb 2025 19:42:10 INFO  valid result: 
recall@10 : 0.1332    mrr@10 : 0.35    ndcg@10 : 0.1876    hit@10 : 0.6965    precision@10 : 0.1499
Wed 05 Feb 2025 19:42:10 INFO  epoch 114 training [time: 0.56s, train loss: 3171.0487]
Wed 05 Feb 2025 19:42:30 INFO  epoch 114 evaluating [time: 19.14s, valid_score: 0.353200]
Wed 05 Feb 2025 19:42:30 INFO  valid result: 
recall@10 : 0.1328    mrr@10 : 0.3532    ndcg@10 : 0.1887    hit@10 : 0.6969    precision@10 : 0.1507
Wed 05 Feb 2025 19:42:30 INFO  Saving current: saved/LDiffRec-Feb-05-2025_19-04-47.pth
Wed 05 Feb 2025 19:42:30 INFO  epoch 115 training [time: 0.56s, train loss: 3173.4965]
Wed 05 Feb 2025 19:42:49 INFO  epoch 115 evaluating [time: 19.13s, valid_score: 0.358100]
Wed 05 Feb 2025 19:42:49 INFO  valid result: 
recall@10 : 0.1338    mrr@10 : 0.3581    ndcg@10 : 0.1917    hit@10 : 0.698    precision@10 : 0.1531
Wed 05 Feb 2025 19:42:49 INFO  Saving current: saved/LDiffRec-Feb-05-2025_19-04-47.pth
Wed 05 Feb 2025 19:42:50 INFO  epoch 116 training [time: 0.56s, train loss: 3170.7470]
Wed 05 Feb 2025 19:43:09 INFO  epoch 116 evaluating [time: 19.15s, valid_score: 0.353200]
Wed 05 Feb 2025 19:43:09 INFO  valid result: 
recall@10 : 0.1334    mrr@10 : 0.3532    ndcg@10 : 0.1889    hit@10 : 0.6974    precision@10 : 0.151
Wed 05 Feb 2025 19:43:10 INFO  epoch 117 training [time: 0.56s, train loss: 3169.4019]
Wed 05 Feb 2025 19:43:29 INFO  epoch 117 evaluating [time: 19.13s, valid_score: 0.355600]
Wed 05 Feb 2025 19:43:29 INFO  valid result: 
recall@10 : 0.1344    mrr@10 : 0.3556    ndcg@10 : 0.1912    hit@10 : 0.6983    precision@10 : 0.1529
Wed 05 Feb 2025 19:43:29 INFO  epoch 118 training [time: 0.56s, train loss: 3166.8399]
Wed 05 Feb 2025 19:43:49 INFO  epoch 118 evaluating [time: 19.24s, valid_score: 0.352600]
Wed 05 Feb 2025 19:43:49 INFO  valid result: 
recall@10 : 0.1354    mrr@10 : 0.3526    ndcg@10 : 0.1904    hit@10 : 0.6998    precision@10 : 0.1527
Wed 05 Feb 2025 19:43:49 INFO  epoch 119 training [time: 0.56s, train loss: 3163.3444]
Wed 05 Feb 2025 19:44:08 INFO  epoch 119 evaluating [time: 19.18s, valid_score: 0.353500]
Wed 05 Feb 2025 19:44:08 INFO  valid result: 
recall@10 : 0.1346    mrr@10 : 0.3535    ndcg@10 : 0.1906    hit@10 : 0.6988    precision@10 : 0.1526
Wed 05 Feb 2025 19:44:09 INFO  epoch 120 training [time: 0.56s, train loss: 3162.1568]
Wed 05 Feb 2025 19:44:28 INFO  epoch 120 evaluating [time: 19.13s, valid_score: 0.355300]
Wed 05 Feb 2025 19:44:28 INFO  valid result: 
recall@10 : 0.1342    mrr@10 : 0.3553    ndcg@10 : 0.1894    hit@10 : 0.6997    precision@10 : 0.1511
Wed 05 Feb 2025 19:44:29 INFO  epoch 121 training [time: 0.56s, train loss: 3162.8388]
Wed 05 Feb 2025 19:44:48 INFO  epoch 121 evaluating [time: 19.14s, valid_score: 0.352800]
Wed 05 Feb 2025 19:44:48 INFO  valid result: 
recall@10 : 0.1355    mrr@10 : 0.3528    ndcg@10 : 0.1903    hit@10 : 0.7012    precision@10 : 0.1525
Wed 05 Feb 2025 19:44:48 INFO  epoch 122 training [time: 0.56s, train loss: 3159.8285]
Wed 05 Feb 2025 19:45:07 INFO  epoch 122 evaluating [time: 19.15s, valid_score: 0.355600]
Wed 05 Feb 2025 19:45:07 INFO  valid result: 
recall@10 : 0.135    mrr@10 : 0.3556    ndcg@10 : 0.1918    hit@10 : 0.6995    precision@10 : 0.1536
Wed 05 Feb 2025 19:45:08 INFO  epoch 123 training [time: 0.67s, train loss: 3159.3073]
Wed 05 Feb 2025 19:45:27 INFO  epoch 123 evaluating [time: 19.16s, valid_score: 0.353600]
Wed 05 Feb 2025 19:45:27 INFO  valid result: 
recall@10 : 0.1347    mrr@10 : 0.3536    ndcg@10 : 0.1903    hit@10 : 0.701    precision@10 : 0.1521
Wed 05 Feb 2025 19:45:28 INFO  epoch 124 training [time: 0.56s, train loss: 3154.2501]
Wed 05 Feb 2025 19:45:47 INFO  epoch 124 evaluating [time: 19.14s, valid_score: 0.353900]
Wed 05 Feb 2025 19:45:47 INFO  valid result: 
recall@10 : 0.1357    mrr@10 : 0.3539    ndcg@10 : 0.1909    hit@10 : 0.704    precision@10 : 0.1528
Wed 05 Feb 2025 19:45:48 INFO  epoch 125 training [time: 0.56s, train loss: 3154.6617]
Wed 05 Feb 2025 19:46:07 INFO  epoch 125 evaluating [time: 19.18s, valid_score: 0.352900]
Wed 05 Feb 2025 19:46:07 INFO  valid result: 
recall@10 : 0.136    mrr@10 : 0.3529    ndcg@10 : 0.1913    hit@10 : 0.7023    precision@10 : 0.1537
Wed 05 Feb 2025 19:46:07 INFO  epoch 126 training [time: 0.56s, train loss: 3149.3740]
Wed 05 Feb 2025 19:46:26 INFO  epoch 126 evaluating [time: 19.21s, valid_score: 0.352900]
Wed 05 Feb 2025 19:46:26 INFO  valid result: 
recall@10 : 0.1346    mrr@10 : 0.3529    ndcg@10 : 0.1902    hit@10 : 0.6978    precision@10 : 0.152
Wed 05 Feb 2025 19:46:26 INFO  Finished training, best eval result in epoch 115
Wed 05 Feb 2025 19:46:27 INFO  Loading model structure and parameters from saved/LDiffRec-Feb-05-2025_19-04-47.pth
Wed 05 Feb 2025 19:46:47 INFO  The running environment of this training is as follows:
+-------------+----------------+
| Environment |     Usage      |
+=============+================+
| CPU         |     7.90 %     |
+-------------+----------------+
| GPU         | 0.39 G/7.93 G  |
+-------------+----------------+
| Memory      | 1.96 G/31.39 G |
+-------------+----------------+
Wed 05 Feb 2025 19:46:47 INFO  best valid : OrderedDict([('recall@10', 0.1338), ('mrr@10', 0.3581), ('ndcg@10', 0.1917), ('hit@10', 0.698), ('precision@10', 0.1531)])
Wed 05 Feb 2025 19:46:47 INFO  test result: OrderedDict([('recall@10', 0.149), ('mrr@10', 0.4298), ('ndcg@10', 0.2415), ('hit@10', 0.7154), ('precision@10', 0.192)])
