Wed 05 Feb 2025 18:40:07 INFO  ['main.py', '--dataset=ml-1m', '--model=DiffRec']
Wed 05 Feb 2025 18:40:07 INFO  
General Hyper Parameters:
gpu_id = 0
use_gpu = True
seed = 2020
state = INFO
reproducibility = True
data_path = dataset/ml-1m
checkpoint_dir = saved
show_progress = True
save_dataset = False
dataset_save_path = None
save_dataloaders = False
dataloaders_save_path = None
log_wandb = False

Training Hyper Parameters:
epochs = 300
train_batch_size = 2048
learner = adam
learning_rate = 0.001
train_neg_sample_args = {'distribution': 'uniform', 'sample_num': 1, 'alpha': 1.0, 'dynamic': False, 'candidate_num': 0}
eval_step = 1
stopping_step = 10
clip_grad_norm = None
weight_decay = 0.0
loss_decimal_place = 4

Evaluation Hyper Parameters:
eval_args = {'split': {'RS': [0.8, 0.1, 0.1]}, 'order': 'RO', 'group_by': 'user', 'mode': {'valid': 'full', 'test': 'full'}}
repeatable = False
metrics = ['Recall', 'MRR', 'NDCG', 'Hit', 'Precision']
topk = [10]
valid_metric = MRR@10
valid_metric_bigger = True
eval_batch_size = 4096
metric_decimal_place = 4

Dataset Hyper Parameters:
field_separator = 	
seq_separator =  
USER_ID_FIELD = user_id
ITEM_ID_FIELD = item_id
RATING_FIELD = rating
TIME_FIELD = timestamp
seq_len = None
LABEL_FIELD = label
threshold = None
NEG_PREFIX = neg_
load_col = {'inter': ['user_id', 'item_id']}
unload_col = None
unused_col = None
additional_feat_suffix = None
rm_dup_inter = None
val_interval = None
filter_inter_by_user_or_item = True
user_inter_num_interval = [0,inf)
item_inter_num_interval = [0,inf)
alias_of_user_id = None
alias_of_item_id = None
alias_of_entity_id = None
alias_of_relation_id = None
preload_weight = None
normalize_field = None
normalize_all = None
ITEM_LIST_LENGTH_FIELD = item_length
LIST_SUFFIX = _list
MAX_ITEM_LIST_LENGTH = 50
POSITION_FIELD = position_id
HEAD_ENTITY_ID_FIELD = head_id
TAIL_ENTITY_ID_FIELD = tail_id
RELATION_ID_FIELD = relation_id
ENTITY_ID_FIELD = entity_id
benchmark_filename = None

Other Hyper Parameters: 
worker = 0
wandb_project = recbole
shuffle = True
require_pow = False
enable_amp = False
enable_scaler = False
transform = None
noise_schedule = linear
noise_scale = 0.001
noise_min = 0.0005
noise_max = 0.005
sampling_noise = False
sampling_steps = 0
reweight = True
mean_type = x0
steps = 5
history_num_per_term = 10
beta_fixed = True
dims_dnn = [300]
embedding_size = 10
mlp_act_func = tanh
time-aware = False
w_max = 1
w_min = 0.1
numerical_features = []
discretization = None
kg_reverse_r = False
entity_kg_num_interval = [0,inf)
relation_kg_num_interval = [0,inf)
MODEL_TYPE = ModelType.GENERAL
n_layers = 2
n_heads = 0
hidden_size = 4
hidden_dropout_prob = 0.5
hidden_act = gelu
layer_norm_eps = 1e-12
pooling_mode = mean
selected_features = ['user_id', 'item_id', 'rating']
device = cuda
initializer_range = 0.02
loss_type = BPR
MODEL_INPUT_TYPE = InputType.LISTWISE
eval_type = EvaluatorType.RANKING
single_spec = True
local_rank = 0
valid_neg_sample_args = {'distribution': 'uniform', 'sample_num': 'none'}
test_neg_sample_args = {'distribution': 'uniform', 'sample_num': 'none'}


Wed 05 Feb 2025 18:40:09 INFO  ml-1m
The number of users: 6041
Average actions of users: 165.5975165562914
The number of items: 3707
Average actions of items: 269.88909875876953
The number of inters: 1000209
The sparsity of the dataset: 95.53358229599758%
Remain Fields: ['user_id', 'item_id']
Wed 05 Feb 2025 18:40:10 INFO  [Training]: train_batch_size = [2048] train_neg_sample_args: [{'distribution': 'uniform', 'sample_num': 1, 'alpha': 1.0, 'dynamic': False, 'candidate_num': 0}]
Wed 05 Feb 2025 18:40:10 INFO  [Evaluation]: eval_batch_size = [4096] eval_args: [{'split': {'RS': [0.8, 0.1, 0.1]}, 'order': 'RO', 'group_by': 'user', 'mode': {'valid': 'full', 'test': 'full'}}]
Wed 05 Feb 2025 18:40:10 WARNING  Max value of user's history interaction records has reached 49.959536012948476% of the total.
Wed 05 Feb 2025 18:40:12 INFO  DiffRec(
  (mlp): DNN(
    (emb_layer): Linear(in_features=10, out_features=10, bias=True)
    (mlp_layers): MLPLayers(
      (mlp_layers): Sequential(
        (0): Dropout(p=0, inplace=False)
        (1): Linear(in_features=3717, out_features=300, bias=True)
        (2): Tanh()
        (3): Dropout(p=0, inplace=False)
        (4): Linear(in_features=300, out_features=3707, bias=True)
      )
    )
    (drop): Dropout(p=0.5, inplace=False)
  )
)
Trainable parameters: 2231317
Wed 05 Feb 2025 18:40:12 INFO  FLOPs: 11136500.0
Wed 05 Feb 2025 18:40:13 INFO  epoch 0 training [time: 0.55s, train loss: 1639.4928]
Wed 05 Feb 2025 18:40:30 INFO  epoch 0 evaluating [time: 17.62s, valid_score: 0.091700]
Wed 05 Feb 2025 18:40:30 INFO  valid result: 
recall@10 : 0.0201    mrr@10 : 0.0917    ndcg@10 : 0.0391    hit@10 : 0.2588    precision@10 : 0.0361
Wed 05 Feb 2025 18:40:30 INFO  Saving current: saved/DiffRec-Feb-05-2025_18-40-12.pth
Wed 05 Feb 2025 18:40:31 INFO  epoch 1 training [time: 0.55s, train loss: 1349.3599]
Wed 05 Feb 2025 18:40:49 INFO  epoch 1 evaluating [time: 17.79s, valid_score: 0.184800]
Wed 05 Feb 2025 18:40:49 INFO  valid result: 
recall@10 : 0.0521    mrr@10 : 0.1848    ndcg@10 : 0.0878    hit@10 : 0.4301    precision@10 : 0.0752
Wed 05 Feb 2025 18:40:49 INFO  Saving current: saved/DiffRec-Feb-05-2025_18-40-12.pth
Wed 05 Feb 2025 18:40:49 INFO  epoch 2 training [time: 0.55s, train loss: 1243.0817]
Wed 05 Feb 2025 18:41:07 INFO  epoch 2 evaluating [time: 17.86s, valid_score: 0.201800]
Wed 05 Feb 2025 18:41:07 INFO  valid result: 
recall@10 : 0.0559    mrr@10 : 0.2018    ndcg@10 : 0.0973    hit@10 : 0.4553    precision@10 : 0.0848
Wed 05 Feb 2025 18:41:07 INFO  Saving current: saved/DiffRec-Feb-05-2025_18-40-12.pth
Wed 05 Feb 2025 18:41:08 INFO  epoch 3 training [time: 0.55s, train loss: 1187.1574]
Wed 05 Feb 2025 18:41:25 INFO  epoch 3 evaluating [time: 17.82s, valid_score: 0.221800]
Wed 05 Feb 2025 18:41:25 INFO  valid result: 
recall@10 : 0.0662    mrr@10 : 0.2218    ndcg@10 : 0.1087    hit@10 : 0.5013    precision@10 : 0.0932
Wed 05 Feb 2025 18:41:25 INFO  Saving current: saved/DiffRec-Feb-05-2025_18-40-12.pth
Wed 05 Feb 2025 18:41:26 INFO  epoch 4 training [time: 0.55s, train loss: 1121.3318]
Wed 05 Feb 2025 18:41:44 INFO  epoch 4 evaluating [time: 17.87s, valid_score: 0.250400]
Wed 05 Feb 2025 18:41:44 INFO  valid result: 
recall@10 : 0.076    mrr@10 : 0.2504    ndcg@10 : 0.1226    hit@10 : 0.5382    precision@10 : 0.1026
Wed 05 Feb 2025 18:41:44 INFO  Saving current: saved/DiffRec-Feb-05-2025_18-40-12.pth
Wed 05 Feb 2025 18:41:44 INFO  epoch 5 training [time: 0.55s, train loss: 1082.9080]
Wed 05 Feb 2025 18:42:02 INFO  epoch 5 evaluating [time: 17.84s, valid_score: 0.281000]
Wed 05 Feb 2025 18:42:02 INFO  valid result: 
recall@10 : 0.0873    mrr@10 : 0.281    ndcg@10 : 0.1388    hit@10 : 0.5724    precision@10 : 0.1134
Wed 05 Feb 2025 18:42:02 INFO  Saving current: saved/DiffRec-Feb-05-2025_18-40-12.pth
Wed 05 Feb 2025 18:42:03 INFO  epoch 6 training [time: 0.55s, train loss: 1021.8222]
Wed 05 Feb 2025 18:42:21 INFO  epoch 6 evaluating [time: 17.87s, valid_score: 0.301600]
Wed 05 Feb 2025 18:42:21 INFO  valid result: 
recall@10 : 0.0989    mrr@10 : 0.3016    ndcg@10 : 0.1523    hit@10 : 0.605    precision@10 : 0.1234
Wed 05 Feb 2025 18:42:21 INFO  Saving current: saved/DiffRec-Feb-05-2025_18-40-12.pth
Wed 05 Feb 2025 18:42:21 INFO  epoch 7 training [time: 0.55s, train loss: 988.8482]
Wed 05 Feb 2025 18:42:39 INFO  epoch 7 evaluating [time: 17.81s, valid_score: 0.310100]
Wed 05 Feb 2025 18:42:39 INFO  valid result: 
recall@10 : 0.106    mrr@10 : 0.3101    ndcg@10 : 0.1603    hit@10 : 0.6272    precision@10 : 0.1303
Wed 05 Feb 2025 18:42:39 INFO  Saving current: saved/DiffRec-Feb-05-2025_18-40-12.pth
Wed 05 Feb 2025 18:42:40 INFO  epoch 8 training [time: 0.55s, train loss: 948.3775]
Wed 05 Feb 2025 18:42:57 INFO  epoch 8 evaluating [time: 17.79s, valid_score: 0.321000]
Wed 05 Feb 2025 18:42:57 INFO  valid result: 
recall@10 : 0.1091    mrr@10 : 0.321    ndcg@10 : 0.1653    hit@10 : 0.6363    precision@10 : 0.1339
Wed 05 Feb 2025 18:42:57 INFO  Saving current: saved/DiffRec-Feb-05-2025_18-40-12.pth
Wed 05 Feb 2025 18:42:58 INFO  epoch 9 training [time: 0.55s, train loss: 923.3898]
Wed 05 Feb 2025 18:43:16 INFO  epoch 9 evaluating [time: 17.75s, valid_score: 0.332500]
Wed 05 Feb 2025 18:43:16 INFO  valid result: 
recall@10 : 0.1159    mrr@10 : 0.3325    ndcg@10 : 0.1728    hit@10 : 0.6576    precision@10 : 0.1396
Wed 05 Feb 2025 18:43:16 INFO  Saving current: saved/DiffRec-Feb-05-2025_18-40-12.pth
Wed 05 Feb 2025 18:43:16 INFO  epoch 10 training [time: 0.55s, train loss: 910.3810]
Wed 05 Feb 2025 18:43:34 INFO  epoch 10 evaluating [time: 17.76s, valid_score: 0.348300]
Wed 05 Feb 2025 18:43:34 INFO  valid result: 
recall@10 : 0.1247    mrr@10 : 0.3483    ndcg@10 : 0.1828    hit@10 : 0.6808    precision@10 : 0.1467
Wed 05 Feb 2025 18:43:34 INFO  Saving current: saved/DiffRec-Feb-05-2025_18-40-12.pth
Wed 05 Feb 2025 18:43:35 INFO  epoch 11 training [time: 0.56s, train loss: 890.6012]
Wed 05 Feb 2025 18:43:52 INFO  epoch 11 evaluating [time: 17.80s, valid_score: 0.356300]
Wed 05 Feb 2025 18:43:52 INFO  valid result: 
recall@10 : 0.1303    mrr@10 : 0.3563    ndcg@10 : 0.1894    hit@10 : 0.6901    precision@10 : 0.1512
Wed 05 Feb 2025 18:43:53 INFO  Saving current: saved/DiffRec-Feb-05-2025_18-40-12.pth
Wed 05 Feb 2025 18:43:53 INFO  epoch 12 training [time: 0.55s, train loss: 872.4494]
Wed 05 Feb 2025 18:44:11 INFO  epoch 12 evaluating [time: 17.94s, valid_score: 0.363200]
Wed 05 Feb 2025 18:44:11 INFO  valid result: 
recall@10 : 0.1344    mrr@10 : 0.3632    ndcg@10 : 0.1946    hit@10 : 0.6997    precision@10 : 0.1549
Wed 05 Feb 2025 18:44:11 INFO  Saving current: saved/DiffRec-Feb-05-2025_18-40-12.pth
Wed 05 Feb 2025 18:44:12 INFO  epoch 13 training [time: 0.55s, train loss: 861.1654]
Wed 05 Feb 2025 18:44:29 INFO  epoch 13 evaluating [time: 17.92s, valid_score: 0.370100]
Wed 05 Feb 2025 18:44:29 INFO  valid result: 
recall@10 : 0.1386    mrr@10 : 0.3701    ndcg@10 : 0.1989    hit@10 : 0.7086    precision@10 : 0.1573
Wed 05 Feb 2025 18:44:30 INFO  Saving current: saved/DiffRec-Feb-05-2025_18-40-12.pth
Wed 05 Feb 2025 18:44:30 INFO  epoch 14 training [time: 0.55s, train loss: 839.2331]
Wed 05 Feb 2025 18:44:48 INFO  epoch 14 evaluating [time: 17.78s, valid_score: 0.375800]
Wed 05 Feb 2025 18:44:48 INFO  valid result: 
recall@10 : 0.1406    mrr@10 : 0.3758    ndcg@10 : 0.2019    hit@10 : 0.7126    precision@10 : 0.159
Wed 05 Feb 2025 18:44:48 INFO  Saving current: saved/DiffRec-Feb-05-2025_18-40-12.pth
Wed 05 Feb 2025 18:44:48 INFO  epoch 15 training [time: 0.55s, train loss: 834.3719]
Wed 05 Feb 2025 18:45:06 INFO  epoch 15 evaluating [time: 17.86s, valid_score: 0.379000]
Wed 05 Feb 2025 18:45:06 INFO  valid result: 
recall@10 : 0.1437    mrr@10 : 0.379    ndcg@10 : 0.2051    hit@10 : 0.7172    precision@10 : 0.1611
Wed 05 Feb 2025 18:45:06 INFO  Saving current: saved/DiffRec-Feb-05-2025_18-40-12.pth
Wed 05 Feb 2025 18:45:07 INFO  epoch 16 training [time: 0.55s, train loss: 824.4559]
Wed 05 Feb 2025 18:45:25 INFO  epoch 16 evaluating [time: 17.91s, valid_score: 0.384700]
Wed 05 Feb 2025 18:45:25 INFO  valid result: 
recall@10 : 0.147    mrr@10 : 0.3847    ndcg@10 : 0.2088    hit@10 : 0.7232    precision@10 : 0.1633
Wed 05 Feb 2025 18:45:25 INFO  Saving current: saved/DiffRec-Feb-05-2025_18-40-12.pth
Wed 05 Feb 2025 18:45:25 INFO  epoch 17 training [time: 0.55s, train loss: 817.6812]
Wed 05 Feb 2025 18:45:43 INFO  epoch 17 evaluating [time: 17.81s, valid_score: 0.387800]
Wed 05 Feb 2025 18:45:43 INFO  valid result: 
recall@10 : 0.1482    mrr@10 : 0.3878    ndcg@10 : 0.2107    hit@10 : 0.7278    precision@10 : 0.1648
Wed 05 Feb 2025 18:45:43 INFO  Saving current: saved/DiffRec-Feb-05-2025_18-40-12.pth
Wed 05 Feb 2025 18:45:44 INFO  epoch 18 training [time: 0.55s, train loss: 804.6298]
Wed 05 Feb 2025 18:46:02 INFO  epoch 18 evaluating [time: 17.80s, valid_score: 0.387800]
Wed 05 Feb 2025 18:46:02 INFO  valid result: 
recall@10 : 0.1509    mrr@10 : 0.3878    ndcg@10 : 0.2124    hit@10 : 0.7318    precision@10 : 0.1662
Wed 05 Feb 2025 18:46:02 INFO  Saving current: saved/DiffRec-Feb-05-2025_18-40-12.pth
Wed 05 Feb 2025 18:46:02 INFO  epoch 19 training [time: 0.55s, train loss: 797.4494]
Wed 05 Feb 2025 18:46:20 INFO  epoch 19 evaluating [time: 17.80s, valid_score: 0.389800]
Wed 05 Feb 2025 18:46:20 INFO  valid result: 
recall@10 : 0.1524    mrr@10 : 0.3898    ndcg@10 : 0.214    hit@10 : 0.7328    precision@10 : 0.1672
Wed 05 Feb 2025 18:46:20 INFO  Saving current: saved/DiffRec-Feb-05-2025_18-40-12.pth
Wed 05 Feb 2025 18:46:20 INFO  epoch 20 training [time: 0.55s, train loss: 791.2370]
Wed 05 Feb 2025 18:46:38 INFO  epoch 20 evaluating [time: 17.81s, valid_score: 0.391900]
Wed 05 Feb 2025 18:46:38 INFO  valid result: 
recall@10 : 0.1536    mrr@10 : 0.3919    ndcg@10 : 0.2158    hit@10 : 0.7373    precision@10 : 0.1685
Wed 05 Feb 2025 18:46:38 INFO  Saving current: saved/DiffRec-Feb-05-2025_18-40-12.pth
Wed 05 Feb 2025 18:46:39 INFO  epoch 21 training [time: 0.56s, train loss: 786.3312]
Wed 05 Feb 2025 18:46:57 INFO  epoch 21 evaluating [time: 17.78s, valid_score: 0.394600]
Wed 05 Feb 2025 18:46:57 INFO  valid result: 
recall@10 : 0.1561    mrr@10 : 0.3946    ndcg@10 : 0.2179    hit@10 : 0.7424    precision@10 : 0.17
Wed 05 Feb 2025 18:46:57 INFO  Saving current: saved/DiffRec-Feb-05-2025_18-40-12.pth
Wed 05 Feb 2025 18:46:57 INFO  epoch 22 training [time: 0.55s, train loss: 782.0056]
Wed 05 Feb 2025 18:47:15 INFO  epoch 22 evaluating [time: 17.82s, valid_score: 0.397400]
Wed 05 Feb 2025 18:47:15 INFO  valid result: 
recall@10 : 0.1581    mrr@10 : 0.3974    ndcg@10 : 0.2196    hit@10 : 0.7449    precision@10 : 0.1714
Wed 05 Feb 2025 18:47:15 INFO  Saving current: saved/DiffRec-Feb-05-2025_18-40-12.pth
Wed 05 Feb 2025 18:47:16 INFO  epoch 23 training [time: 0.55s, train loss: 770.6049]
Wed 05 Feb 2025 18:47:33 INFO  epoch 23 evaluating [time: 17.76s, valid_score: 0.398300]
Wed 05 Feb 2025 18:47:33 INFO  valid result: 
recall@10 : 0.1592    mrr@10 : 0.3983    ndcg@10 : 0.2209    hit@10 : 0.7467    precision@10 : 0.1722
Wed 05 Feb 2025 18:47:33 INFO  Saving current: saved/DiffRec-Feb-05-2025_18-40-12.pth
Wed 05 Feb 2025 18:47:34 INFO  epoch 24 training [time: 0.55s, train loss: 768.4517]
Wed 05 Feb 2025 18:47:52 INFO  epoch 24 evaluating [time: 17.78s, valid_score: 0.401200]
Wed 05 Feb 2025 18:47:52 INFO  valid result: 
recall@10 : 0.1612    mrr@10 : 0.4012    ndcg@10 : 0.2231    hit@10 : 0.7507    precision@10 : 0.1739
Wed 05 Feb 2025 18:47:52 INFO  Saving current: saved/DiffRec-Feb-05-2025_18-40-12.pth
Wed 05 Feb 2025 18:47:52 INFO  epoch 25 training [time: 0.55s, train loss: 751.8096]
Wed 05 Feb 2025 18:48:10 INFO  epoch 25 evaluating [time: 17.77s, valid_score: 0.402000]
Wed 05 Feb 2025 18:48:10 INFO  valid result: 
recall@10 : 0.1624    mrr@10 : 0.402    ndcg@10 : 0.2241    hit@10 : 0.7538    precision@10 : 0.1749
Wed 05 Feb 2025 18:48:10 INFO  Saving current: saved/DiffRec-Feb-05-2025_18-40-12.pth
Wed 05 Feb 2025 18:48:11 INFO  epoch 26 training [time: 0.55s, train loss: 756.9514]
Wed 05 Feb 2025 18:48:29 INFO  epoch 26 evaluating [time: 17.80s, valid_score: 0.404900]
Wed 05 Feb 2025 18:48:29 INFO  valid result: 
recall@10 : 0.1637    mrr@10 : 0.4049    ndcg@10 : 0.2257    hit@10 : 0.7543    precision@10 : 0.1753
Wed 05 Feb 2025 18:48:29 INFO  Saving current: saved/DiffRec-Feb-05-2025_18-40-12.pth
Wed 05 Feb 2025 18:48:29 INFO  epoch 27 training [time: 0.55s, train loss: 748.1331]
Wed 05 Feb 2025 18:48:47 INFO  epoch 27 evaluating [time: 17.80s, valid_score: 0.406700]
Wed 05 Feb 2025 18:48:47 INFO  valid result: 
recall@10 : 0.1643    mrr@10 : 0.4067    ndcg@10 : 0.2263    hit@10 : 0.7568    precision@10 : 0.1755
Wed 05 Feb 2025 18:48:47 INFO  Saving current: saved/DiffRec-Feb-05-2025_18-40-12.pth
Wed 05 Feb 2025 18:48:47 INFO  epoch 28 training [time: 0.55s, train loss: 745.5354]
Wed 05 Feb 2025 18:49:05 INFO  epoch 28 evaluating [time: 17.88s, valid_score: 0.407900]
Wed 05 Feb 2025 18:49:05 INFO  valid result: 
recall@10 : 0.1663    mrr@10 : 0.4079    ndcg@10 : 0.228    hit@10 : 0.7604    precision@10 : 0.1767
Wed 05 Feb 2025 18:49:05 INFO  Saving current: saved/DiffRec-Feb-05-2025_18-40-12.pth
Wed 05 Feb 2025 18:49:06 INFO  epoch 29 training [time: 0.66s, train loss: 742.3503]
Wed 05 Feb 2025 18:49:24 INFO  epoch 29 evaluating [time: 17.77s, valid_score: 0.408700]
Wed 05 Feb 2025 18:49:24 INFO  valid result: 
recall@10 : 0.1667    mrr@10 : 0.4087    ndcg@10 : 0.2287    hit@10 : 0.7594    precision@10 : 0.1772
Wed 05 Feb 2025 18:49:24 INFO  Saving current: saved/DiffRec-Feb-05-2025_18-40-12.pth
Wed 05 Feb 2025 18:49:24 INFO  epoch 30 training [time: 0.55s, train loss: 735.6835]
Wed 05 Feb 2025 18:49:42 INFO  epoch 30 evaluating [time: 17.77s, valid_score: 0.409100]
Wed 05 Feb 2025 18:49:42 INFO  valid result: 
recall@10 : 0.1679    mrr@10 : 0.4091    ndcg@10 : 0.2299    hit@10 : 0.7636    precision@10 : 0.1781
Wed 05 Feb 2025 18:49:42 INFO  Saving current: saved/DiffRec-Feb-05-2025_18-40-12.pth
Wed 05 Feb 2025 18:49:43 INFO  epoch 31 training [time: 0.55s, train loss: 737.2880]
Wed 05 Feb 2025 18:50:01 INFO  epoch 31 evaluating [time: 17.81s, valid_score: 0.413200]
Wed 05 Feb 2025 18:50:01 INFO  valid result: 
recall@10 : 0.1687    mrr@10 : 0.4132    ndcg@10 : 0.231    hit@10 : 0.7637    precision@10 : 0.1781
Wed 05 Feb 2025 18:50:01 INFO  Saving current: saved/DiffRec-Feb-05-2025_18-40-12.pth
Wed 05 Feb 2025 18:50:01 INFO  epoch 32 training [time: 0.55s, train loss: 735.8212]
Wed 05 Feb 2025 18:50:19 INFO  epoch 32 evaluating [time: 17.93s, valid_score: 0.412300]
Wed 05 Feb 2025 18:50:19 INFO  valid result: 
recall@10 : 0.1691    mrr@10 : 0.4123    ndcg@10 : 0.2314    hit@10 : 0.7651    precision@10 : 0.1785
Wed 05 Feb 2025 18:50:20 INFO  epoch 33 training [time: 0.55s, train loss: 722.2057]
Wed 05 Feb 2025 18:50:37 INFO  epoch 33 evaluating [time: 17.90s, valid_score: 0.413400]
Wed 05 Feb 2025 18:50:37 INFO  valid result: 
recall@10 : 0.1697    mrr@10 : 0.4134    ndcg@10 : 0.232    hit@10 : 0.7652    precision@10 : 0.1787
Wed 05 Feb 2025 18:50:37 INFO  Saving current: saved/DiffRec-Feb-05-2025_18-40-12.pth
Wed 05 Feb 2025 18:50:38 INFO  epoch 34 training [time: 0.55s, train loss: 721.5182]
Wed 05 Feb 2025 18:50:56 INFO  epoch 34 evaluating [time: 17.76s, valid_score: 0.413900]
Wed 05 Feb 2025 18:50:56 INFO  valid result: 
recall@10 : 0.1701    mrr@10 : 0.4139    ndcg@10 : 0.2324    hit@10 : 0.7669    precision@10 : 0.1788
Wed 05 Feb 2025 18:50:56 INFO  Saving current: saved/DiffRec-Feb-05-2025_18-40-12.pth
Wed 05 Feb 2025 18:50:56 INFO  epoch 35 training [time: 0.55s, train loss: 717.0018]
Wed 05 Feb 2025 18:51:14 INFO  epoch 35 evaluating [time: 17.79s, valid_score: 0.415500]
Wed 05 Feb 2025 18:51:14 INFO  valid result: 
recall@10 : 0.1716    mrr@10 : 0.4155    ndcg@10 : 0.2336    hit@10 : 0.7707    precision@10 : 0.1798
Wed 05 Feb 2025 18:51:14 INFO  Saving current: saved/DiffRec-Feb-05-2025_18-40-12.pth
Wed 05 Feb 2025 18:51:15 INFO  epoch 36 training [time: 0.55s, train loss: 712.4892]
Wed 05 Feb 2025 18:51:33 INFO  epoch 36 evaluating [time: 17.79s, valid_score: 0.417300]
Wed 05 Feb 2025 18:51:33 INFO  valid result: 
recall@10 : 0.1712    mrr@10 : 0.4173    ndcg@10 : 0.2338    hit@10 : 0.7692    precision@10 : 0.1794
Wed 05 Feb 2025 18:51:33 INFO  Saving current: saved/DiffRec-Feb-05-2025_18-40-12.pth
Wed 05 Feb 2025 18:51:33 INFO  epoch 37 training [time: 0.55s, train loss: 701.4578]
Wed 05 Feb 2025 18:51:51 INFO  epoch 37 evaluating [time: 17.77s, valid_score: 0.416500]
Wed 05 Feb 2025 18:51:51 INFO  valid result: 
recall@10 : 0.1726    mrr@10 : 0.4165    ndcg@10 : 0.2345    hit@10 : 0.7709    precision@10 : 0.1802
Wed 05 Feb 2025 18:51:51 INFO  epoch 38 training [time: 0.55s, train loss: 711.3819]
Wed 05 Feb 2025 18:52:09 INFO  epoch 38 evaluating [time: 17.90s, valid_score: 0.418500]
Wed 05 Feb 2025 18:52:09 INFO  valid result: 
recall@10 : 0.1732    mrr@10 : 0.4185    ndcg@10 : 0.2348    hit@10 : 0.7722    precision@10 : 0.18
Wed 05 Feb 2025 18:52:09 INFO  Saving current: saved/DiffRec-Feb-05-2025_18-40-12.pth
Wed 05 Feb 2025 18:52:10 INFO  epoch 39 training [time: 0.55s, train loss: 703.2002]
Wed 05 Feb 2025 18:52:28 INFO  epoch 39 evaluating [time: 17.89s, valid_score: 0.421300]
Wed 05 Feb 2025 18:52:28 INFO  valid result: 
recall@10 : 0.1742    mrr@10 : 0.4213    ndcg@10 : 0.236    hit@10 : 0.775    precision@10 : 0.1806
Wed 05 Feb 2025 18:52:28 INFO  Saving current: saved/DiffRec-Feb-05-2025_18-40-12.pth
Wed 05 Feb 2025 18:52:28 INFO  epoch 40 training [time: 0.55s, train loss: 699.0240]
Wed 05 Feb 2025 18:52:46 INFO  epoch 40 evaluating [time: 17.78s, valid_score: 0.421700]
Wed 05 Feb 2025 18:52:46 INFO  valid result: 
recall@10 : 0.1743    mrr@10 : 0.4217    ndcg@10 : 0.2363    hit@10 : 0.775    precision@10 : 0.1808
Wed 05 Feb 2025 18:52:46 INFO  Saving current: saved/DiffRec-Feb-05-2025_18-40-12.pth
Wed 05 Feb 2025 18:52:47 INFO  epoch 41 training [time: 0.55s, train loss: 698.5767]
Wed 05 Feb 2025 18:53:04 INFO  epoch 41 evaluating [time: 17.72s, valid_score: 0.421800]
Wed 05 Feb 2025 18:53:04 INFO  valid result: 
recall@10 : 0.1748    mrr@10 : 0.4218    ndcg@10 : 0.2366    hit@10 : 0.7758    precision@10 : 0.181
Wed 05 Feb 2025 18:53:04 INFO  Saving current: saved/DiffRec-Feb-05-2025_18-40-12.pth
Wed 05 Feb 2025 18:53:05 INFO  epoch 42 training [time: 0.56s, train loss: 694.0389]
Wed 05 Feb 2025 18:53:23 INFO  epoch 42 evaluating [time: 17.80s, valid_score: 0.420000]
Wed 05 Feb 2025 18:53:23 INFO  valid result: 
recall@10 : 0.175    mrr@10 : 0.42    ndcg@10 : 0.236    hit@10 : 0.7773    precision@10 : 0.1808
Wed 05 Feb 2025 18:53:23 INFO  epoch 43 training [time: 0.55s, train loss: 690.6640]
Wed 05 Feb 2025 18:53:41 INFO  epoch 43 evaluating [time: 17.72s, valid_score: 0.420800]
Wed 05 Feb 2025 18:53:41 INFO  valid result: 
recall@10 : 0.1752    mrr@10 : 0.4208    ndcg@10 : 0.2367    hit@10 : 0.7755    precision@10 : 0.181
Wed 05 Feb 2025 18:53:42 INFO  epoch 44 training [time: 0.55s, train loss: 687.4553]
Wed 05 Feb 2025 18:53:59 INFO  epoch 44 evaluating [time: 17.81s, valid_score: 0.419800]
Wed 05 Feb 2025 18:53:59 INFO  valid result: 
recall@10 : 0.1756    mrr@10 : 0.4198    ndcg@10 : 0.2366    hit@10 : 0.7778    precision@10 : 0.1814
Wed 05 Feb 2025 18:54:00 INFO  epoch 45 training [time: 0.55s, train loss: 684.2525]
Wed 05 Feb 2025 18:54:18 INFO  epoch 45 evaluating [time: 17.74s, valid_score: 0.419900]
Wed 05 Feb 2025 18:54:18 INFO  valid result: 
recall@10 : 0.1754    mrr@10 : 0.4199    ndcg@10 : 0.2363    hit@10 : 0.7776    precision@10 : 0.1811
Wed 05 Feb 2025 18:54:18 INFO  epoch 46 training [time: 0.55s, train loss: 687.7120]
Wed 05 Feb 2025 18:54:36 INFO  epoch 46 evaluating [time: 17.99s, valid_score: 0.419700]
Wed 05 Feb 2025 18:54:36 INFO  valid result: 
recall@10 : 0.1748    mrr@10 : 0.4197    ndcg@10 : 0.2359    hit@10 : 0.775    precision@10 : 0.1807
Wed 05 Feb 2025 18:54:37 INFO  epoch 47 training [time: 0.56s, train loss: 680.9574]
Wed 05 Feb 2025 18:54:55 INFO  epoch 47 evaluating [time: 17.75s, valid_score: 0.421200]
Wed 05 Feb 2025 18:54:55 INFO  valid result: 
recall@10 : 0.1758    mrr@10 : 0.4212    ndcg@10 : 0.2367    hit@10 : 0.7775    precision@10 : 0.1809
Wed 05 Feb 2025 18:54:55 INFO  epoch 48 training [time: 0.55s, train loss: 678.3406]
Wed 05 Feb 2025 18:55:13 INFO  epoch 48 evaluating [time: 17.77s, valid_score: 0.420200]
Wed 05 Feb 2025 18:55:13 INFO  valid result: 
recall@10 : 0.1755    mrr@10 : 0.4202    ndcg@10 : 0.2366    hit@10 : 0.7762    precision@10 : 0.1811
Wed 05 Feb 2025 18:55:13 INFO  epoch 49 training [time: 0.55s, train loss: 675.8113]
Wed 05 Feb 2025 18:55:31 INFO  epoch 49 evaluating [time: 17.79s, valid_score: 0.419300]
Wed 05 Feb 2025 18:55:31 INFO  valid result: 
recall@10 : 0.1745    mrr@10 : 0.4193    ndcg@10 : 0.2359    hit@10 : 0.7732    precision@10 : 0.1805
Wed 05 Feb 2025 18:55:32 INFO  epoch 50 training [time: 0.55s, train loss: 675.0304]
Wed 05 Feb 2025 18:55:50 INFO  epoch 50 evaluating [time: 17.79s, valid_score: 0.419400]
Wed 05 Feb 2025 18:55:50 INFO  valid result: 
recall@10 : 0.1749    mrr@10 : 0.4194    ndcg@10 : 0.2359    hit@10 : 0.7755    precision@10 : 0.1805
Wed 05 Feb 2025 18:55:50 INFO  epoch 51 training [time: 0.55s, train loss: 670.3144]
Wed 05 Feb 2025 18:56:08 INFO  epoch 51 evaluating [time: 17.97s, valid_score: 0.419200]
Wed 05 Feb 2025 18:56:08 INFO  valid result: 
recall@10 : 0.1747    mrr@10 : 0.4192    ndcg@10 : 0.236    hit@10 : 0.7733    precision@10 : 0.1806
Wed 05 Feb 2025 18:56:09 INFO  epoch 52 training [time: 0.55s, train loss: 669.1787]
Wed 05 Feb 2025 18:56:26 INFO  epoch 52 evaluating [time: 17.81s, valid_score: 0.420300]
Wed 05 Feb 2025 18:56:26 INFO  valid result: 
recall@10 : 0.1758    mrr@10 : 0.4203    ndcg@10 : 0.2367    hit@10 : 0.775    precision@10 : 0.181
Wed 05 Feb 2025 18:56:26 INFO  Finished training, best eval result in epoch 41
Wed 05 Feb 2025 18:56:27 INFO  Loading model structure and parameters from saved/DiffRec-Feb-05-2025_18-40-12.pth
Wed 05 Feb 2025 18:56:45 INFO  The running environment of this training is as follows:
+-------------+----------------+
| Environment |     Usage      |
+=============+================+
| CPU         |     7.20 %     |
+-------------+----------------+
| GPU         | 0.39 G/7.93 G  |
+-------------+----------------+
| Memory      | 1.96 G/31.39 G |
+-------------+----------------+
Wed 05 Feb 2025 18:56:45 INFO  best valid : OrderedDict([('recall@10', 0.1748), ('mrr@10', 0.4218), ('ndcg@10', 0.2366), ('hit@10', 0.7758), ('precision@10', 0.181)])
Wed 05 Feb 2025 18:56:45 INFO  test result: OrderedDict([('recall@10', 0.1994), ('mrr@10', 0.505), ('ndcg@10', 0.3013), ('hit@10', 0.7997), ('precision@10', 0.2324)])
